Sun Oct 19 08:20:01 PDT 2014
Sun Oct 19 08:20:01 2014 :: Booting Database
 0 0 0 0 0 0 0 0 0 0 0 0 0 0 0 0 0 0 0 0 0 0 0 0 0 0 0 0 0 0 0 0
Sun Oct 19 08:20:01 2014 :: [*****] BOOT: ---------------------[ Boot Log ]--------------------
Sun Oct 19 08:20:01 2014 :: Loading commands
Sun Oct 19 08:20:01 2014 :: Loading sysdata configuration...
Sun Oct 19 08:20:01 2014 :: Loading socials
Sun Oct 19 08:20:01 2014 :: Loading skill table
Sun Oct 19 08:20:01 2014 :: Sorting skill table...
Sun Oct 19 08:20:01 2014 :: Remapping slots to sns
Sun Oct 19 08:20:01 2014 :: Loading herb table
Sun Oct 19 08:20:01 2014 :: Loading clans
Sun Oct 19 08:20:01 2014 :: Loading channels
Sun Oct 19 08:20:01 2014 :: Loading bits
Sun Oct 19 08:20:01 2014 :: Loading help files
Sun Oct 19 08:20:01 2014 :: Loading books
Sun Oct 19 08:20:01 2014 :: Initializing random number generator
Sun Oct 19 08:20:01 2014 :: Setting time and weather
Sun Oct 19 08:20:01 2014 :: Assigning gsn's
ASSIGN_GSN: Skill disease not found.
ASSIGN_GSN: Skill weaken not found.
ASSIGN_GSN: Skill transmutation not found.
ASSIGN_GSN: Skill charm person not found.
ASSIGN_GSN: Skill counterspell not found.
ASSIGN_GSN: Skill sharpen not found.
Sun Oct 19 08:20:01 2014 :: Loading nations
Sun Oct 19 08:20:01 2014 :: Loading cities
Sun Oct 19 08:20:01 2014 :: Reading in area files...
help.are: No such file or directory
Sun Oct 19 08:20:01 2014 :: [*****] BUG: load_area: error loading file (can't open)
Sun Oct 19 08:20:01 2014 :: [*****] BUG: help.are
limbo.are     : Rooms:     1 - 8     Objs:     2 - 99    Mobs:     1 - 25
Sun Oct 19 08:20:01 2014 :: [*****] BOOT: load_room_reset: stockobj.are (1) 'O': object 21013 doesn't exist.
stockobj.are  : Rooms: 29000 - 29000 Objs: 28900 - 29999 Mobs:     0 - 0
Sun Oct 19 08:20:01 2014 :: [*****] BOOT: load_room_reset: elkandu.are (1) 'M': mobile 17012 doesn't exist.
Sun Oct 19 08:20:01 2014 :: [*****] BOOT: load_room_reset: elkandu.are (1) 'M': mobile 17004 doesn't exist.
Sun Oct 19 08:20:01 2014 :: [*****] BOOT: load_room_reset: elkandu.are (1) 'M': mobile 18302 doesn't exist.
Sun Oct 19 08:20:01 2014 :: [*****] BOOT: load_room_reset: elkandu.are (1) 'M': mobile 19402 doesn't exist.
Sun Oct 19 08:20:01 2014 :: [*****] BOOT: load_room_reset: elkandu.are (1) 'G': object 19996 doesn't exist.
Sun Oct 19 08:20:01 2014 :: [*****] BOOT: load_room_reset: elkandu.are (1) 'M': mobile 17001 doesn't exist.
Sun Oct 19 08:20:01 2014 :: [*****] BOOT: load_room_reset: elkandu.are (1) 'M': mobile 17002 doesn't exist.
Sun Oct 19 08:20:01 2014 :: [*****] BOOT: load_room_reset: elkandu.are (1) 'M': mobile 17006 doesn't exist.
Sun Oct 19 08:20:01 2014 :: [*****] BOOT: load_room_reset: elkandu.are (1) 'M': mobile 17003 doesn't exist.
Sun Oct 19 08:20:01 2014 :: [*****] BOOT: load_room_reset: elkandu.are (1) 'M': mobile 17005 doesn't exist.
Sun Oct 19 08:20:01 2014 :: [*****] BOOT: load_room_reset: elkandu.are (1) 'M': mobile 18301 doesn't exist.
Sun Oct 19 08:20:01 2014 :: [*****] BOOT: load_room_reset: elkandu.are (1) 'O': object 201 doesn't exist.
Sun Oct 19 08:20:01 2014 :: [*****] BOOT: load_room_reset: elkandu.are (1) 'M': mobile 17003 doesn't exist.
Sun Oct 19 08:20:01 2014 :: [*****] BOOT: load_room_reset: elkandu.are (1) 'M': mobile 17010 doesn't exist.
Sun Oct 19 08:20:01 2014 :: [*****] BOOT: load_room_reset: elkandu.are (1) 'M': mobile 18700 doesn't exist.
Sun Oct 19 08:20:01 2014 :: [*****] BOOT: load_room_reset: elkandu.are (1) 'O': object 17199 doesn't exist.
Sun Oct 19 08:20:01 2014 :: [*****] BOOT: load_room_reset: elkandu.are (1) 'O': object 9006 doesn't exist.
Sun Oct 19 08:20:01 2014 :: [*****] BOOT: load_room_reset: elkandu.are (1) 'M': mobile 17002 doesn't exist.
Sun Oct 19 08:20:01 2014 :: [*****] BOOT: load_room_reset: elkandu.are (1) 'O': object 17100 doesn't exist.
Sun Oct 19 08:20:01 2014 :: [*****] BOOT: load_room_reset: elkandu.are (1) 'O': object 17110 doesn't exist.
Sun Oct 19 08:20:01 2014 :: [*****] BOOT: load_room_reset: elkandu.are (1) 'M': mobile 17003 doesn't exist.
Sun Oct 19 08:20:01 2014 :: [*****] BOOT: load_room_reset: elkandu.are (1) 'M': mobile 19402 doesn't exist.
Sun Oct 19 08:20:01 2014 :: [*****] BOOT: load_room_reset: elkandu.are (1) 'M': mobile 17010 doesn't exist.
Sun Oct 19 08:20:01 2014 :: [*****] BOOT: load_room_reset: elkandu.are (1) 'M': mobile 17003 doesn't exist.
Sun Oct 19 08:20:01 2014 :: [*****] BOOT: load_room_reset: elkandu.are (1) 'O': object 18701 doesn't exist.
Sun Oct 19 08:20:01 2014 :: [*****] BOOT: load_room_reset: elkandu.are (1) 'M': mobile 17010 doesn't exist.
Sun Oct 19 08:20:01 2014 :: [*****] BOOT: load_room_reset: elkandu.are (1) 'M': mobile 17003 doesn't exist.
Sun Oct 19 08:20:01 2014 :: [*****] BOOT: load_room_reset: elkandu.are (1) 'M': mobile 18302 doesn't exist.
elkandu.are   : Rooms: 20000 - 20199 Objs: 20001 - 21001 Mobs: 20000 - 20099
gmaze.are     : Rooms:  9000 - 9074  Objs:  9000 - 9006  Mobs:     0 - 0
Sun Oct 19 08:20:01 2014 :: [*****] FILE: jaston.are LINE: 1071
Sun Oct 19 08:20:01 2014 :: [*****] BUG: load_room_reset: 'D': exit 2 not door.
Sun Oct 19 08:20:01 2014 :: [*****] FILE: jaston.are LINE: 1071
Sun Oct 19 08:20:01 2014 :: [*****] BUG: Reset: D 0 17024 2 2
Sun Oct 19 08:20:01 2014 :: [*****] BOOT: load_room_reset: jaston.are (1) 'D': exit 2 not door.
Sun Oct 19 08:20:01 2014 :: [*****] FILE: jaston.are LINE: 1324
Sun Oct 19 08:20:01 2014 :: [*****] BUG: load_room_reset: 'D': exit 1 not door.
Sun Oct 19 08:20:01 2014 :: [*****] FILE: jaston.are LINE: 1324
Sun Oct 19 08:20:01 2014 :: [*****] BUG: Reset: D 0 17040 1 0
Sun Oct 19 08:20:01 2014 :: [*****] BOOT: load_room_reset: jaston.are (1) 'D': exit 1 not door.
Sun Oct 19 08:20:01 2014 :: [*****] FILE: jaston.are LINE: 1685
Sun Oct 19 08:20:01 2014 :: [*****] BUG: load_room_reset: 'D': exit 0 not door.
Sun Oct 19 08:20:01 2014 :: [*****] FILE: jaston.are LINE: 1685
Sun Oct 19 08:20:01 2014 :: [*****] BUG: Reset: D 0 17064 0 0
Sun Oct 19 08:20:01 2014 :: [*****] BOOT: load_room_reset: jaston.are (1) 'D': exit 0 not door.
Sun Oct 19 08:20:01 2014 :: [*****] BOOT: load_room_reset: jaston.are (1) 'M': mobile 18303 doesn't exist.
Sun Oct 19 08:20:01 2014 :: [*****] BOOT: load_room_reset: jaston.are (1) 'M': mobile 18700 doesn't exist.
jaston.are    : Rooms: 17000 - 17099 Objs: 17000 - 17099 Mobs: 17001 - 17050
Sun Oct 19 08:20:01 2014 :: [*****] BOOT: load_resets: school.are (1) 'M': mobile 20003 doesn't exist.
Sun Oct 19 08:20:01 2014 :: [*****] BOOT: load_resets: school.are (3) 'O': object 27999 doesn't exist.
school.are    : Rooms:   100 - 199   Objs:     0 - 0     Mobs:     0 - 0
Houses.are    : Rooms:   200 - 999   Objs:     0 - 0     Mobs:     0 - 0
Sun Oct 19 08:20:01 2014 :: Loading high scores...
Sun Oct 19 08:20:01 2014 :: Loading Housing System, Home Accessories Data, and Home Auctioning System
Sun Oct 19 08:20:01 2014 :: [*****] BUG: Get_room_index: bad vnum 10088.
Sun Oct 19 08:20:01 2014 :: [*****] BUG: Cannot open homeaccessories.dat. Aborting loadup of accessories data.
Sun Oct 19 08:20:01 2014 :: [*****] BUG: Cannot open homebuy.dat. Aborting loadup of home auction data.
Sun Oct 19 08:20:01 2014 :: Fixing exits
Sun Oct 19 08:20:01 2014 :: [*****] BUG: Get_room_index: bad vnum 17721.
Sun Oct 19 08:20:01 2014 :: [*****] BOOT: Fix_exits: room 9001, exit east leads to bad vnum (17721)
Sun Oct 19 08:20:01 2014 :: [*****] BUG: Deleting east exit in room 9001
Sun Oct 19 08:20:01 2014 :: Initializing economy
Sun Oct 19 08:20:01 2014 :: Loading materials
Sun Oct 19 08:20:01 2014 :: Loading world
Sun Oct 19 08:20:01 2014 :: [*****] BUG: Create_mobile: NULL pMobIndex.
Sun Oct 19 08:20:01 2014 :: [*****] BUG: Fread_mobile: No index data for vnum 10001
Sun Oct 19 08:20:01 2014 :: [*****] BUG: Create_mobile: NULL pMobIndex.
Sun Oct 19 08:20:01 2014 :: [*****] BUG: Fread_mobile: No index data for vnum 10007
Sun Oct 19 08:20:01 2014 :: [*****] BUG: Create_mobile: NULL pMobIndex.
Sun Oct 19 08:20:01 2014 :: [*****] BUG: Fread_mobile: No index data for vnum 10009
Sun Oct 19 08:20:01 2014 :: [*****] BUG: Create_mobile: NULL pMobIndex.
Sun Oct 19 08:20:01 2014 :: [*****] BUG: Fread_mobile: No index data for vnum 10002
Sun Oct 19 08:20:01 2014 :: [*****] BUG: Create_mobile: NULL pMobIndex.
Sun Oct 19 08:20:01 2014 :: [*****] BUG: Fread_mobile: No index data for vnum 10012
Sun Oct 19 08:20:01 2014 :: [*****] BUG: Create_mobile: NULL pMobIndex.
Sun Oct 19 08:20:01 2014 :: [*****] BUG: Fread_mobile: No index data for vnum 10013
Sun Oct 19 08:20:01 2014 :: [*****] BUG: Create_mobile: NULL pMobIndex.
Sun Oct 19 08:20:01 2014 :: [*****] BUG: Fread_mobile: No index data for vnum 10014
Sun Oct 19 08:20:01 2014 :: [*****] BUG: Create_mobile: NULL pMobIndex.
Sun Oct 19 08:20:01 2014 :: [*****] BUG: Fread_mobile: No index data for vnum 10020
Sun Oct 19 08:20:01 2014 :: [*****] BUG: Create_mobile: NULL pMobIndex.
Sun Oct 19 08:20:01 2014 :: [*****] BUG: Fread_mobile: No index data for vnum 10001
Sun Oct 19 08:20:01 2014 :: [*****] BUG: Create_mobile: NULL pMobIndex.
Sun Oct 19 08:20:01 2014 :: [*****] BUG: Fread_mobile: No index data for vnum 10025
Sun Oct 19 08:20:01 2014 :: [*****] BUG: Create_mobile: NULL pMobIndex.
Sun Oct 19 08:20:01 2014 :: [*****] BUG: Fread_mobile: No index data for vnum 10030
Sun Oct 19 08:20:01 2014 :: [*****] BUG: Create_mobile: NULL pMobIndex.
Sun Oct 19 08:20:01 2014 :: [*****] BUG: Fread_mobile: No index data for vnum 10002
Sun Oct 19 08:20:01 2014 :: [*****] BUG: Create_mobile: NULL pMobIndex.
Sun Oct 19 08:20:01 2014 :: [*****] BUG: Fread_mobile: No index data for vnum 10003
Sun Oct 19 08:20:01 2014 :: [*****] BUG: Create_mobile: NULL pMobIndex.
Sun Oct 19 08:20:01 2014 :: [*****] BUG: Fread_mobile: No index data for vnum 10002
Sun Oct 19 08:20:01 2014 :: [*****] BUG: Create_mobile: NULL pMobIndex.
Sun Oct 19 08:20:01 2014 :: [*****] BUG: Fread_mobile: No index data for vnum 10064
Sun Oct 19 08:20:01 2014 :: [*****] BUG: Create_mobile: NULL pMobIndex.
Sun Oct 19 08:20:01 2014 :: [*****] BUG: Fread_mobile: No index data for vnum 10065
Sun Oct 19 08:20:01 2014 :: [*****] BUG: Create_mobile: NULL pMobIndex.
Sun Oct 19 08:20:01 2014 :: [*****] BUG: Fread_mobile: No index data for vnum 10068
Sun Oct 19 08:20:01 2014 :: [*****] BUG: Create_mobile: NULL pMobIndex.
Sun Oct 19 08:20:01 2014 :: [*****] BUG: Fread_mobile: No index data for vnum 10095
Sun Oct 19 08:20:01 2014 :: [*****] BUG: Create_mobile: NULL pMobIndex.
Sun Oct 19 08:20:01 2014 :: [*****] BUG: Fread_mobile: No index data for vnum 10006
Sun Oct 19 08:20:01 2014 :: [*****] BUG: Create_mobile: NULL pMobIndex.
Sun Oct 19 08:20:01 2014 :: [*****] BUG: Fread_mobile: No index data for vnum 10002
Sun Oct 19 08:20:01 2014 :: [*****] BUG: fread_word: EOF encountered on read.

Sun Oct 19 08:20:01 2014 :: [*****] BUG: Extract_char: NULL ch.
Sun Oct 19 08:20:01 2014 :: [*****] BUG: Fread_mobile: Vnum not found
Sun Oct 19 08:20:01 2014 :: [*****] BUG: fread_obj: room is NULL on OS_GROUND for obj->pIndexData->vnum 20013
Sun Oct 19 08:20:01 2014 :: [*****] BUG: fread_obj: room is NULL on OS_GROUND for obj->pIndexData->vnum 28928
Sun Oct 19 08:20:01 2014 :: [*****] BUG: fread_obj: room is NULL on OS_GROUND for obj->pIndexData->vnum 28928
Sun Oct 19 08:20:01 2014 :: [*****] BUG: fread_obj: room is NULL on OS_GROUND for obj->pIndexData->vnum 28928
Sun Oct 19 08:20:01 2014 :: [*****] BUG: fread_obj: room is NULL on OS_GROUND for obj->pIndexData->vnum 28928
Sun Oct 19 08:20:01 2014 :: [*****] BUG: fread_obj: room is NULL on OS_GROUND for obj->pIndexData->vnum 28928
Sun Oct 19 08:20:01 2014 :: [*****] BUG: fread_obj: room is NULL on OS_GROUND for obj->pIndexData->vnum 28928
Sun Oct 19 08:20:01 2014 :: [*****] BUG: fread_obj: room is NULL on OS_GROUND for obj->pIndexData->vnum 28928
Sun Oct 19 08:20:01 2014 :: [*****] BUG: fread_obj: room is NULL on OS_GROUND for obj->pIndexData->vnum 28928
Sun Oct 19 08:20:01 2014 :: [*****] BUG: fread_obj: room is NULL on OS_GROUND for obj->pIndexData->vnum 28928
Sun Oct 19 08:20:01 2014 :: [*****] BUG: fread_obj: room is NULL on OS_GROUND for obj->pIndexData->vnum 28928
Sun Oct 19 08:20:01 2014 :: [*****] BUG: fread_obj: room is NULL on OS_GROUND for obj->pIndexData->vnum 28928
Sun Oct 19 08:20:01 2014 :: [*****] BUG: fread_obj: room is NULL on OS_GROUND for obj->pIndexData->vnum 28928
Sun Oct 19 08:20:01 2014 :: [*****] BUG: fread_obj: room is NULL on OS_GROUND for obj->pIndexData->vnum 28928
Sun Oct 19 08:20:01 2014 :: [*****] BUG: fread_obj: room is NULL on OS_GROUND for obj->pIndexData->vnum 28928
Sun Oct 19 08:20:01 2014 :: [*****] BUG: fread_word: EOF encountered on read.

Sun Oct 19 08:20:01 2014 :: Loading deities
Sun Oct 19 08:20:01 2014 :: Loading talents...
Sun Oct 19 08:20:01 2014 :: fire.dty
Sun Oct 19 08:20:01 2014 :: earth.dty
Sun Oct 19 08:20:01 2014 :: wind.dty
Sun Oct 19 08:20:01 2014 :: frost.dty
Sun Oct 19 08:20:01 2014 :: lightn.dty
Sun Oct 19 08:20:01 2014 :: water.dty
Sun Oct 19 08:20:01 2014 :: dream.dty
Sun Oct 19 08:20:01 2014 :: speech.dty
Sun Oct 19 08:20:01 2014 :: healing.dty
Sun Oct 19 08:20:01 2014 :: death.dty
Sun Oct 19 08:20:01 2014 :: change.dty
Sun Oct 19 08:20:01 2014 :: time.dty
Sun Oct 19 08:20:01 2014 :: motion.dty
Sun Oct 19 08:20:01 2014 :: mind.dty
Sun Oct 19 08:20:01 2014 :: illusion.dty
Sun Oct 19 08:20:01 2014 :: seeking.dty
Sun Oct 19 08:20:01 2014 :: catalysm.dty
Sun Oct 19 08:20:01 2014 :: void.dty
Sun Oct 19 08:20:01 2014 :: $
Sun Oct 19 08:20:01 2014 ::  Done talents 
Sun Oct 19 08:20:01 2014 :: Loading bans
Sun Oct 19 08:20:01 2014 :: [*****] BUG: fread_word: EOF encountered on read.

Sun Oct 19 08:20:01 2014 :: [*****] BUG: Load_banlist: no match: ÿ
Sun Oct 19 08:20:01 2014 :: Done.
Sun Oct 19 08:20:01 2014 :: Loading reserved names
Sun Oct 19 08:20:01 2014 :: Loading material shops
Sun Oct 19 08:20:01 2014 :: Loading moons
Sun Oct 19 08:20:01 2014 :: Loading recipes
Sun Oct 19 08:20:01 2014 :: Loading ingredients
Sun Oct 19 08:20:01 2014 :: Loading species
Sun Oct 19 08:20:01 2014 :: Loading mutations
Sun Oct 19 08:20:01 2014 :: [*****] BUG: Load_mutations: no mutations found!
Sun Oct 19 08:20:01 2014 :: Loading arenas
Sun Oct 19 08:20:01 2014 :: Checking shops
Sun Oct 19 08:20:01 2014 :: Initializing socket
Sun Oct 19 08:20:01 2014 :: Ar'Oan Lost Dragons ready at address boogeyman on port 6501.
Sun Oct 19 08:20:01 2014 :: I3: Loading I3 command table...
Sun Oct 19 08:20:01 2014 :: I3: Loading Intermud-3 network data...
Sun Oct 19 08:20:01 2014 :: I3: Loading I3 router data...
Sun Oct 19 08:20:01 2014 :: I3: Loading I3 help file...
Sun Oct 19 08:20:01 2014 :: I3: Loading color table...
Sun Oct 19 08:20:01 2014 :: I3: Intermud-3 network data loaded. Autoconnect not set. Will need to connect manually.
Sun Oct 19 08:20:01 2014 :: IMC: Loading IMC2 command table...
Sun Oct 19 08:20:01 2014 :: ***BUG*** IMC: imc_readcommand: Command imcping loaded with invalid function. Set to NULL.
Sun Oct 19 08:20:01 2014 :: ***BUG*** IMC: imc_readcommand: Command imcstats loaded with invalid function. Set to NULL.
Sun Oct 19 08:20:01 2014 :: IMC: Loading IMC2 network data...
Sun Oct 19 08:20:01 2014 :: IMC: Loading IMC2 help file...
Sun Oct 19 08:20:01 2014 :: IMC: Loading IMC2 color table...
Sun Oct 19 08:20:01 2014 :: IMC: IMC2 network data loaded. Autoconnect not set. IMC2 will need to be connected manually.
Sun Oct 19 08:20:03 2014 :: Sock.sinaddr:  24.196.220.82, port -11095.
Sun Oct 19 08:20:04 2014 :: Preloading player data for: Aasterinian (12K)
Sun Oct 19 08:20:04 2014 :: Creating area entry for Aasterinian
Sun Oct 19 08:20:04 2014 :: Loading player data for: Aasterinian (12K)
Sun Oct 19 08:20:04 2014 :: Updating area entry for Aasterinian
Sun Oct 19 08:20:04 2014 :: Aasterinian@24.196.220.82((unknown)) has connected.
Sun Oct 19 08:20:06 2014 :: Aasterinian has entered the game in the Nexus of Torn Elkandu (20000).
Sun Oct 19 08:20:28 2014 :: Log Aasterinian: MOB(17008): Changed short desc to rat
Sun Oct 19 08:21:23 2014 :: Log Aasterinian: material list
Sun Oct 19 08:21:52 2014 :: Log Aasterinian: material show 43
Sun Oct 19 08:22:44 2014 :: Log Aasterinian: material show 11
Sun Oct 19 08:26:55 2014 :: Log Aasterinian: loadarea
Sun Oct 19 08:26:55 2014 :: [*****] FILE: $ LINE: 1370
Sun Oct 19 08:26:55 2014 :: [*****] BUG: load_room_reset: 'D': exit 10 not door.
Sun Oct 19 08:26:55 2014 :: [*****] FILE: $ LINE: 1370
Sun Oct 19 08:26:55 2014 :: [*****] BUG: Reset: D 0 10052 10 1
Aasterinian.are: Rooms: 10000 - 11000 Objs: 10000 - 11000 Mobs: 10000 - 11000
Sun Oct 19 08:27:22 2014 :: Log Aasterinian: shopset 
Sun Oct 19 08:27:27 2014 :: Log Aasterinian: shopset flag organic
Sun Oct 19 08:27:34 2014 :: Log Aasterinian: instaroom
Sun Oct 19 08:27:37 2014 :: Log Aasterinian: savearea
Sun Oct 19 08:34:10 2014 :: [*****] BUG: reset_room: elkandu.are: 'M': bad mob vnum 18302.
Sun Oct 19 08:34:10 2014 :: [*****] BUG: reset_room: elkandu.are: 'M': bad mob vnum 19402.
Sun Oct 19 08:34:10 2014 :: [*****] BUG: reset_room: elkandu.are: 'M': bad mob vnum 18301.
Sun Oct 19 08:34:10 2014 :: [*****] BUG: reset_room: elkandu.are: 'O': bad obj vnum 201.
Sun Oct 19 08:34:10 2014 :: [*****] BUG: reset_room: elkandu.are: 'M': bad mob vnum 18700.
Sun Oct 19 08:34:10 2014 :: [*****] BUG: reset_room: elkandu.are: 'O': bad obj vnum 17199.
Sun Oct 19 08:34:10 2014 :: [*****] BUG: reset_room: elkandu.are: 'O': bad obj vnum 17100.
Sun Oct 19 08:34:10 2014 :: [*****] BUG: reset_room: elkandu.are: 'O': bad obj vnum 17110.
Sun Oct 19 08:34:10 2014 :: [*****] BUG: reset_room: elkandu.are: 'M': bad mob vnum 19402.
Sun Oct 19 08:34:10 2014 :: [*****] BUG: reset_room: elkandu.are: 'O': bad obj vnum 18701.
Sun Oct 19 08:34:10 2014 :: [*****] BUG: reset_room: elkandu.are: 'M': bad mob vnum 18302.
Sun Oct 19 08:34:10 2014 :: [*****] BUG: reset_room: elkandu.are: 'M': bad mob vnum 18302.
Sun Oct 19 08:34:10 2014 :: [*****] BUG: reset_room: elkandu.are: 'M': bad mob vnum 19402.
Sun Oct 19 08:34:10 2014 :: [*****] BUG: reset_room: elkandu.are: 'M': bad mob vnum 18301.
Sun Oct 19 08:34:10 2014 :: [*****] BUG: reset_room: elkandu.are: 'O': bad obj vnum 201.
Sun Oct 19 08:34:10 2014 :: [*****] BUG: reset_room: elkandu.are: 'M': bad mob vnum 18700.
Sun Oct 19 08:34:10 2014 :: [*****] BUG: reset_room: elkandu.are: 'O': bad obj vnum 17199.
Sun Oct 19 08:34:10 2014 :: [*****] BUG: reset_room: elkandu.are: 'O': bad obj vnum 17100.
Sun Oct 19 08:34:10 2014 :: [*****] BUG: reset_room: elkandu.are: 'O': bad obj vnum 17110.
Sun Oct 19 08:34:10 2014 :: [*****] BUG: reset_room: elkandu.are: 'M': bad mob vnum 19402.
Sun Oct 19 08:34:10 2014 :: [*****] BUG: reset_room: elkandu.are: 'O': bad obj vnum 18701.
Sun Oct 19 08:34:10 2014 :: [*****] BUG: reset_room: elkandu.are: 'M': bad mob vnum 18302.
Sun Oct 19 08:34:10 2014 :: [*****] BUG: reset_room: elkandu.are: 'M': bad mob vnum 18302.
Sun Oct 19 08:34:10 2014 :: [*****] BUG: reset_room: elkandu.are: 'M': bad mob vnum 19402.
Sun Oct 19 08:34:10 2014 :: [*****] BUG: reset_room: elkandu.are: 'M': bad mob vnum 18301.
Sun Oct 19 08:34:10 2014 :: [*****] BUG: reset_room: elkandu.are: 'O': bad obj vnum 201.
Sun Oct 19 08:34:10 2014 :: [*****] BUG: reset_room: elkandu.are: 'M': bad mob vnum 18700.
Sun Oct 19 08:34:10 2014 :: [*****] BUG: reset_room: elkandu.are: 'O': bad obj vnum 17199.
Sun Oct 19 08:34:10 2014 :: [*****] BUG: reset_room: elkandu.are: 'O': bad obj vnum 17100.
Sun Oct 19 08:34:10 2014 :: [*****] BUG: reset_room: elkandu.are: 'O': bad obj vnum 17110.
Sun Oct 19 08:34:10 2014 :: [*****] BUG: reset_room: elkandu.are: 'M': bad mob vnum 19402.
Sun Oct 19 08:34:10 2014 :: [*****] BUG: reset_room: elkandu.are: 'O': bad obj vnum 18701.
Sun Oct 19 08:34:10 2014 :: [*****] BUG: reset_room: elkandu.are: 'M': bad mob vnum 18302.
Sun Oct 19 08:39:45 2014 :: Log Aasterinian: material
Sun Oct 19 08:39:51 2014 :: Log Aasterinian: material find rat
Sun Oct 19 08:40:08 2014 :: Log Aasterinian: material create
Sun Oct 19 08:40:13 2014 :: Log Aasterinian: material list
Sun Oct 19 08:40:18 2014 :: Log Aasterinian: material
Sun Oct 19 08:42:48 2014 :: Log Aasterinian: material set 136 name a rat pelt
Sun Oct 19 08:42:50 2014 :: Log Aasterinian: material list
Sun Oct 19 08:43:00 2014 :: Log Aasterinian: material show 136
Sun Oct 19 08:43:08 2014 :: Log Aasterinian: material show 135
Sun Oct 19 08:43:18 2014 :: Log Aasterinian: material set 136 name rat pelt
Sun Oct 19 08:43:26 2014 :: Log Aasterinian: material
Sun Oct 19 08:43:35 2014 :: Log Aasterinian: material set 136 short a rat pelt
Sun Oct 19 08:43:39 2014 :: Log Aasterinian: material list
Sun Oct 19 08:43:42 2014 :: Log Aasterinian: material
Sun Oct 19 08:44:01 2014 :: Log Aasterinian: material set 136 long A skin of a rat lies here.
Sun Oct 19 08:44:05 2014 :: Log Aasterinian: material show 135
Sun Oct 19 08:44:09 2014 :: Log Aasterinian: material
Sun Oct 19 08:44:16 2014 :: Log Aasterinian: material set 136 weight 1
Sun Oct 19 08:44:26 2014 :: Log Aasterinian: material set 136 race 54
Sun Oct 19 08:55:35 2014 :: EOF encountered on read.
Sun Oct 19 08:55:35 2014 :: Closing link to Aasterinian.
Sun Oct 19 08:55:37 2014 :: Sock.sinaddr:  24.196.220.82, port -10673.
Sun Oct 19 08:55:38 2014 :: Preloading player data for: Aasterinian (12K)
Sun Oct 19 08:55:38 2014 :: Updating area entry for Aasterinian
Sun Oct 19 08:55:38 2014 :: Aasterinian@24.196.220.82((unknown)) reconnected.
Sun Oct 19 08:57:45 2014 :: Log Aasterinian: material list
Sun Oct 19 08:59:56 2014 :: Log Aasterinian: material
Sun Oct 19 08:59:59 2014 :: Log Aasterinian: material save
Sun Oct 19 09:01:25 2014 :: Log Aasterinian: mset rat flags prototype
Sun Oct 19 09:01:48 2014 :: Log Aasterinian: mset rat flags prototype
Sun Oct 19 09:02:55 2014 :: Log Aasterinian: material list
Sun Oct 19 09:02:59 2014 :: Log Aasterinian: material show 136
Sun Oct 19 09:03:09 2014 :: Log Aasterinian: material
Sun Oct 19 09:03:20 2014 :: Log Aasterinian: material set 136 rarity 100
Sun Oct 19 09:03:23 2014 :: Log Aasterinian: material save
Sun Oct 19 09:03:36 2014 :: Log Aasterinian: mset rat flags prototype
Sun Oct 19 09:04:04 2014 :: Log Aasterinian: mset rat flags prototype
Sun Oct 19 09:11:48 2014 :: Log Aasterinian: mset rat race 54
Sun Oct 19 09:17:10 2014 :: Log Aasterinian: copyover
Sun Oct 19 09:17:11 2014 :: Booting Database
 0 0 0 0 0 0 0 0 0 0 0 0 0 0 0 0 0 0 0 0 0 0 0 0 0 0 0 0 0 0 0 0
Sun Oct 19 09:17:11 2014 :: [*****] BOOT: ---------------------[ Boot Log ]--------------------
Sun Oct 19 09:17:11 2014 :: Loading commands
Sun Oct 19 09:17:11 2014 :: Loading sysdata configuration...
Sun Oct 19 09:17:11 2014 :: Loading socials
Sun Oct 19 09:17:11 2014 :: Loading skill table
Sun Oct 19 09:17:11 2014 :: Sorting skill table...
Sun Oct 19 09:17:11 2014 :: Remapping slots to sns
Sun Oct 19 09:17:11 2014 :: Loading herb table
Sun Oct 19 09:17:11 2014 :: Loading clans
Sun Oct 19 09:17:11 2014 :: Loading channels
Sun Oct 19 09:17:11 2014 :: Loading bits
Sun Oct 19 09:17:11 2014 :: Loading help files
Sun Oct 19 09:17:11 2014 :: Loading books
Sun Oct 19 09:17:11 2014 :: Initializing random number generator
Sun Oct 19 09:17:11 2014 :: Setting time and weather
Sun Oct 19 09:17:11 2014 :: Assigning gsn's
ASSIGN_GSN: Skill disease not found.
ASSIGN_GSN: Skill weaken not found.
ASSIGN_GSN: Skill transmutation not found.
ASSIGN_GSN: Skill charm person not found.
ASSIGN_GSN: Skill counterspell not found.
ASSIGN_GSN: Skill sharpen not found.
Sun Oct 19 09:17:11 2014 :: Loading nations
Sun Oct 19 09:17:11 2014 :: Loading cities
Sun Oct 19 09:17:11 2014 :: Reading in area files...
help.are: No such file or directory
Sun Oct 19 09:17:11 2014 :: [*****] BUG: load_area: error loading file (can't open)
Sun Oct 19 09:17:11 2014 :: [*****] BUG: help.are
limbo.are     : Rooms:     1 - 8     Objs:     2 - 99    Mobs:     1 - 25
Sun Oct 19 09:17:11 2014 :: [*****] BOOT: load_room_reset: stockobj.are (1) 'O': object 21013 doesn't exist.
stockobj.are  : Rooms: 29000 - 29000 Objs: 28900 - 29999 Mobs:     0 - 0
Sun Oct 19 09:17:11 2014 :: [*****] BOOT: load_room_reset: elkandu.are (1) 'M': mobile 17012 doesn't exist.
Sun Oct 19 09:17:11 2014 :: [*****] BOOT: load_room_reset: elkandu.are (1) 'M': mobile 17004 doesn't exist.
Sun Oct 19 09:17:11 2014 :: [*****] BOOT: load_room_reset: elkandu.are (1) 'M': mobile 18302 doesn't exist.
Sun Oct 19 09:17:11 2014 :: [*****] BOOT: load_room_reset: elkandu.are (1) 'M': mobile 19402 doesn't exist.
Sun Oct 19 09:17:11 2014 :: [*****] BOOT: load_room_reset: elkandu.are (1) 'G': object 19996 doesn't exist.
Sun Oct 19 09:17:11 2014 :: [*****] BOOT: load_room_reset: elkandu.are (1) 'M': mobile 17001 doesn't exist.
Sun Oct 19 09:17:11 2014 :: [*****] BOOT: load_room_reset: elkandu.are (1) 'M': mobile 17002 doesn't exist.
Sun Oct 19 09:17:11 2014 :: [*****] BOOT: load_room_reset: elkandu.are (1) 'M': mobile 17006 doesn't exist.
Sun Oct 19 09:17:11 2014 :: [*****] BOOT: load_room_reset: elkandu.are (1) 'M': mobile 17003 doesn't exist.
Sun Oct 19 09:17:11 2014 :: [*****] BOOT: load_room_reset: elkandu.are (1) 'M': mobile 17005 doesn't exist.
Sun Oct 19 09:17:11 2014 :: [*****] BOOT: load_room_reset: elkandu.are (1) 'M': mobile 18301 doesn't exist.
Sun Oct 19 09:17:11 2014 :: [*****] BOOT: load_room_reset: elkandu.are (1) 'O': object 201 doesn't exist.
Sun Oct 19 09:17:11 2014 :: [*****] BOOT: load_room_reset: elkandu.are (1) 'M': mobile 17003 doesn't exist.
Sun Oct 19 09:17:11 2014 :: [*****] BOOT: load_room_reset: elkandu.are (1) 'M': mobile 17010 doesn't exist.
Sun Oct 19 09:17:11 2014 :: [*****] BOOT: load_room_reset: elkandu.are (1) 'M': mobile 18700 doesn't exist.
Sun Oct 19 09:17:11 2014 :: [*****] BOOT: load_room_reset: elkandu.are (1) 'O': object 17199 doesn't exist.
Sun Oct 19 09:17:11 2014 :: [*****] BOOT: load_room_reset: elkandu.are (1) 'O': object 9006 doesn't exist.
Sun Oct 19 09:17:11 2014 :: [*****] BOOT: load_room_reset: elkandu.are (1) 'M': mobile 17002 doesn't exist.
Sun Oct 19 09:17:11 2014 :: [*****] BOOT: load_room_reset: elkandu.are (1) 'O': object 17100 doesn't exist.
Sun Oct 19 09:17:11 2014 :: [*****] BOOT: load_room_reset: elkandu.are (1) 'O': object 17110 doesn't exist.
Sun Oct 19 09:17:11 2014 :: [*****] BOOT: load_room_reset: elkandu.are (1) 'M': mobile 17003 doesn't exist.
Sun Oct 19 09:17:11 2014 :: [*****] BOOT: load_room_reset: elkandu.are (1) 'M': mobile 19402 doesn't exist.
Sun Oct 19 09:17:11 2014 :: [*****] BOOT: load_room_reset: elkandu.are (1) 'M': mobile 17010 doesn't exist.
Sun Oct 19 09:17:11 2014 :: [*****] BOOT: load_room_reset: elkandu.are (1) 'M': mobile 17003 doesn't exist.
Sun Oct 19 09:17:11 2014 :: [*****] BOOT: load_room_reset: elkandu.are (1) 'O': object 18701 doesn't exist.
Sun Oct 19 09:17:11 2014 :: [*****] BOOT: load_room_reset: elkandu.are (1) 'M': mobile 17010 doesn't exist.
Sun Oct 19 09:17:11 2014 :: [*****] BOOT: load_room_reset: elkandu.are (1) 'M': mobile 17003 doesn't exist.
Sun Oct 19 09:17:11 2014 :: [*****] BOOT: load_room_reset: elkandu.are (1) 'M': mobile 18302 doesn't exist.
elkandu.are   : Rooms: 20000 - 20199 Objs: 20001 - 21001 Mobs: 20000 - 20099
gmaze.are     : Rooms:  9000 - 9074  Objs:  9000 - 9006  Mobs:     0 - 0
Sun Oct 19 09:17:11 2014 :: [*****] FILE: jaston.are LINE: 1071
Sun Oct 19 09:17:11 2014 :: [*****] BUG: load_room_reset: 'D': exit 2 not door.
Sun Oct 19 09:17:11 2014 :: [*****] FILE: jaston.are LINE: 1071
Sun Oct 19 09:17:11 2014 :: [*****] BUG: Reset: D 0 17024 2 2
Sun Oct 19 09:17:11 2014 :: [*****] BOOT: load_room_reset: jaston.are (1) 'D': exit 2 not door.
Sun Oct 19 09:17:11 2014 :: [*****] FILE: jaston.are LINE: 1324
Sun Oct 19 09:17:11 2014 :: [*****] BUG: load_room_reset: 'D': exit 1 not door.
Sun Oct 19 09:17:11 2014 :: [*****] FILE: jaston.are LINE: 1324
Sun Oct 19 09:17:11 2014 :: [*****] BUG: Reset: D 0 17040 1 0
Sun Oct 19 09:17:11 2014 :: [*****] BOOT: load_room_reset: jaston.are (1) 'D': exit 1 not door.
Sun Oct 19 09:17:11 2014 :: [*****] FILE: jaston.are LINE: 1685
Sun Oct 19 09:17:11 2014 :: [*****] BUG: load_room_reset: 'D': exit 0 not door.
Sun Oct 19 09:17:11 2014 :: [*****] FILE: jaston.are LINE: 1685
Sun Oct 19 09:17:11 2014 :: [*****] BUG: Reset: D 0 17064 0 0
Sun Oct 19 09:17:11 2014 :: [*****] BOOT: load_room_reset: jaston.are (1) 'D': exit 0 not door.
Sun Oct 19 09:17:11 2014 :: [*****] BOOT: load_room_reset: jaston.are (1) 'M': mobile 18303 doesn't exist.
Sun Oct 19 09:17:11 2014 :: [*****] BOOT: load_room_reset: jaston.are (1) 'M': mobile 18700 doesn't exist.
jaston.are    : Rooms: 17000 - 17099 Objs: 17000 - 17099 Mobs: 17001 - 17050
Sun Oct 19 09:17:11 2014 :: [*****] BOOT: load_resets: school.are (1) 'M': mobile 20003 doesn't exist.
Sun Oct 19 09:17:11 2014 :: [*****] BOOT: load_resets: school.are (3) 'O': object 27999 doesn't exist.
school.are    : Rooms:   100 - 199   Objs:     0 - 0     Mobs:     0 - 0
Houses.are    : Rooms:   200 - 999   Objs:     0 - 0     Mobs:     0 - 0
Sun Oct 19 09:17:11 2014 :: Loading high scores...
Sun Oct 19 09:17:11 2014 :: Loading Housing System, Home Accessories Data, and Home Auctioning System
Sun Oct 19 09:17:11 2014 :: [*****] BUG: Get_room_index: bad vnum 10088.
Sun Oct 19 09:17:11 2014 :: [*****] BUG: Cannot open homeaccessories.dat. Aborting loadup of accessories data.
Sun Oct 19 09:17:11 2014 :: [*****] BUG: Cannot open homebuy.dat. Aborting loadup of home auction data.
Sun Oct 19 09:17:11 2014 :: Fixing exits
Sun Oct 19 09:17:11 2014 :: [*****] BUG: Get_room_index: bad vnum 17721.
Sun Oct 19 09:17:11 2014 :: [*****] BOOT: Fix_exits: room 9001, exit east leads to bad vnum (17721)
Sun Oct 19 09:17:11 2014 :: [*****] BUG: Deleting east exit in room 9001
Sun Oct 19 09:17:11 2014 :: Initializing economy
Sun Oct 19 09:17:11 2014 :: Loading materials
Sun Oct 19 09:17:11 2014 :: Loading world
Sun Oct 19 09:17:11 2014 :: [*****] BUG: Create_mobile: NULL pMobIndex.
Sun Oct 19 09:17:11 2014 :: [*****] BUG: Fread_mobile: No index data for vnum 10001
Sun Oct 19 09:17:11 2014 :: [*****] BUG: Create_mobile: NULL pMobIndex.
Sun Oct 19 09:17:11 2014 :: [*****] BUG: Fread_mobile: No index data for vnum 10006
Sun Oct 19 09:17:11 2014 :: [*****] BUG: Create_mobile: NULL pMobIndex.
Sun Oct 19 09:17:11 2014 :: [*****] BUG: Fread_mobile: No index data for vnum 10007
Sun Oct 19 09:17:11 2014 :: [*****] BUG: Create_mobile: NULL pMobIndex.
Sun Oct 19 09:17:11 2014 :: [*****] BUG: Fread_mobile: No index data for vnum 10009
Sun Oct 19 09:17:11 2014 :: [*****] BUG: Create_mobile: NULL pMobIndex.
Sun Oct 19 09:17:11 2014 :: [*****] BUG: Fread_mobile: No index data for vnum 10002
Sun Oct 19 09:17:11 2014 :: [*****] BUG: Create_mobile: NULL pMobIndex.
Sun Oct 19 09:17:11 2014 :: [*****] BUG: Fread_mobile: No index data for vnum 10012
Sun Oct 19 09:17:11 2014 :: [*****] BUG: Create_mobile: NULL pMobIndex.
Sun Oct 19 09:17:11 2014 :: [*****] BUG: Fread_mobile: No index data for vnum 10013
Sun Oct 19 09:17:11 2014 :: [*****] BUG: Create_mobile: NULL pMobIndex.
Sun Oct 19 09:17:11 2014 :: [*****] BUG: Fread_mobile: No index data for vnum 10014
Sun Oct 19 09:17:11 2014 :: [*****] BUG: Create_mobile: NULL pMobIndex.
Sun Oct 19 09:17:11 2014 :: [*****] BUG: Fread_mobile: No index data for vnum 10020
Sun Oct 19 09:17:11 2014 :: [*****] BUG: Create_mobile: NULL pMobIndex.
Sun Oct 19 09:17:11 2014 :: [*****] BUG: Fread_mobile: No index data for vnum 10001
Sun Oct 19 09:17:11 2014 :: [*****] BUG: Create_mobile: NULL pMobIndex.
Sun Oct 19 09:17:11 2014 :: [*****] BUG: Fread_mobile: No index data for vnum 10025
Sun Oct 19 09:17:11 2014 :: [*****] BUG: Create_mobile: NULL pMobIndex.
Sun Oct 19 09:17:11 2014 :: [*****] BUG: Fread_mobile: No index data for vnum 10030
Sun Oct 19 09:17:11 2014 :: [*****] BUG: Create_mobile: NULL pMobIndex.
Sun Oct 19 09:17:11 2014 :: [*****] BUG: Fread_mobile: No index data for vnum 10002
Sun Oct 19 09:17:11 2014 :: [*****] BUG: Create_mobile: NULL pMobIndex.
Sun Oct 19 09:17:11 2014 :: [*****] BUG: Fread_mobile: No index data for vnum 10002
Sun Oct 19 09:17:11 2014 :: [*****] BUG: Create_mobile: NULL pMobIndex.
Sun Oct 19 09:17:11 2014 :: [*****] BUG: Fread_mobile: No index data for vnum 10003
Sun Oct 19 09:17:11 2014 :: [*****] BUG: Create_mobile: NULL pMobIndex.
Sun Oct 19 09:17:11 2014 :: [*****] BUG: Fread_mobile: No index data for vnum 10002
Sun Oct 19 09:17:11 2014 :: [*****] BUG: Create_mobile: NULL pMobIndex.
Sun Oct 19 09:17:11 2014 :: [*****] BUG: Fread_mobile: No index data for vnum 10064
Sun Oct 19 09:17:11 2014 :: [*****] BUG: Create_mobile: NULL pMobIndex.
Sun Oct 19 09:17:11 2014 :: [*****] BUG: Fread_mobile: No index data for vnum 10065
Sun Oct 19 09:17:11 2014 :: [*****] BUG: Create_mobile: NULL pMobIndex.
Sun Oct 19 09:17:11 2014 :: [*****] BUG: Fread_mobile: No index data for vnum 10068
Sun Oct 19 09:17:11 2014 :: [*****] BUG: Create_mobile: NULL pMobIndex.
Sun Oct 19 09:17:11 2014 :: [*****] BUG: Fread_mobile: No index data for vnum 10095
Sun Oct 19 09:17:11 2014 :: [*****] BUG: fread_word: EOF encountered on read.

Sun Oct 19 09:17:11 2014 :: [*****] BUG: Extract_char: NULL ch.
Sun Oct 19 09:17:11 2014 :: [*****] BUG: Fread_mobile: Vnum not found
Sun Oct 19 09:17:11 2014 :: [*****] BUG: fread_obj: room is NULL on OS_GROUND for obj->pIndexData->vnum 20013
Sun Oct 19 09:17:11 2014 :: [*****] BUG: fread_obj: room is NULL on OS_GROUND for obj->pIndexData->vnum 29047
Sun Oct 19 09:17:11 2014 :: [*****] BUG: fread_obj: room is NULL on OS_GROUND for obj->pIndexData->vnum 29999
Sun Oct 19 09:17:11 2014 :: [*****] BUG: fread_word: EOF encountered on read.

Sun Oct 19 09:17:11 2014 :: Loading deities
Sun Oct 19 09:17:11 2014 :: Loading talents...
Sun Oct 19 09:17:11 2014 :: fire.dty
Sun Oct 19 09:17:11 2014 :: earth.dty
Sun Oct 19 09:17:11 2014 :: wind.dty
Sun Oct 19 09:17:11 2014 :: frost.dty
Sun Oct 19 09:17:11 2014 :: lightn.dty
Sun Oct 19 09:17:11 2014 :: water.dty
Sun Oct 19 09:17:11 2014 :: dream.dty
Sun Oct 19 09:17:11 2014 :: speech.dty
Sun Oct 19 09:17:11 2014 :: healing.dty
Sun Oct 19 09:17:11 2014 :: death.dty
Sun Oct 19 09:17:11 2014 :: change.dty
Sun Oct 19 09:17:11 2014 :: time.dty
Sun Oct 19 09:17:11 2014 :: motion.dty
Sun Oct 19 09:17:11 2014 :: mind.dty
Sun Oct 19 09:17:11 2014 :: illusion.dty
Sun Oct 19 09:17:11 2014 :: seeking.dty
Sun Oct 19 09:17:11 2014 :: catalysm.dty
Sun Oct 19 09:17:11 2014 :: void.dty
Sun Oct 19 09:17:11 2014 :: $
Sun Oct 19 09:17:11 2014 ::  Done talents 
Sun Oct 19 09:17:11 2014 :: Loading bans
Sun Oct 19 09:17:11 2014 :: [*****] BUG: fread_word: EOF encountered on read.

Sun Oct 19 09:17:11 2014 :: [*****] BUG: Load_banlist: no match: ÿ
Sun Oct 19 09:17:11 2014 :: Done.
Sun Oct 19 09:17:11 2014 :: Loading reserved names
Sun Oct 19 09:17:11 2014 :: Loading material shops
Sun Oct 19 09:17:11 2014 :: Loading moons
Sun Oct 19 09:17:11 2014 :: Loading recipes
Sun Oct 19 09:17:11 2014 :: Loading ingredients
Sun Oct 19 09:17:11 2014 :: Loading species
Sun Oct 19 09:17:11 2014 :: Loading mutations
Sun Oct 19 09:17:11 2014 :: [*****] BUG: Load_mutations: no mutations found!
Sun Oct 19 09:17:11 2014 :: Loading arenas
Sun Oct 19 09:17:11 2014 :: Checking shops
Sun Oct 19 09:17:11 2014 :: Initializing socket
Sun Oct 19 09:17:11 2014 :: Ar'Oan Lost Dragons ready at address boogeyman on port 6501.
Sun Oct 19 09:17:11 2014 :: I3: Loading I3 command table...
Sun Oct 19 09:17:11 2014 :: I3: Loading Intermud-3 network data...
Sun Oct 19 09:17:11 2014 :: I3: Loading I3 router data...
Sun Oct 19 09:17:11 2014 :: I3: Loading I3 help file...
Sun Oct 19 09:17:11 2014 :: I3: Loading color table...
Sun Oct 19 09:17:11 2014 :: I3: Intermud-3 network data loaded. Autoconnect not set. Will need to connect manually.
Sun Oct 19 09:17:11 2014 :: IMC: Loading IMC2 command table...
Sun Oct 19 09:17:11 2014 :: ***BUG*** IMC: imc_readcommand: Command imcping loaded with invalid function. Set to NULL.
Sun Oct 19 09:17:11 2014 :: ***BUG*** IMC: imc_readcommand: Command imcstats loaded with invalid function. Set to NULL.
Sun Oct 19 09:17:11 2014 :: IMC: Loading IMC2 network data...
Sun Oct 19 09:17:11 2014 :: IMC: Loading IMC2 help file...
Sun Oct 19 09:17:11 2014 :: IMC: Loading IMC2 color table...
Sun Oct 19 09:17:11 2014 :: IMC: IMC2 network data loaded. Autoconnect not set. IMC2 will need to be connected manually.
Sun Oct 19 09:17:11 2014 :: Running copyover_recover.
Sun Oct 19 09:17:11 2014 :: Copyover recovery initiated
Sun Oct 19 09:17:11 2014 :: Loading player data for: Aasterinian (12K)
Sun Oct 19 09:17:11 2014 :: Creating area entry for Aasterinian
Sun Oct 19 09:17:24 2014 :: Log Aasterinian: mset rat race 54
Sun Oct 19 09:17:37 2014 :: Aasterinian used magic fire damage rat
Sun Oct 19 09:17:37 2014 :: PC: Aasterinian room: 20125
Sun Oct 19 09:17:37 2014 :: [*****] BUG: Sig handler SIGSEGV.
Sun Oct 19 09:17:37 2014 :: Booting Database
 0 0 0 0 0 0 0 0 0 0 0 0 0 0 0 0 0 0 0 0 0 0 0 0 0 0 0 0 0 0 0 0
Sun Oct 19 09:17:37 2014 :: [*****] BOOT: ---------------------[ Boot Log ]--------------------
Sun Oct 19 09:17:37 2014 :: Loading commands
Sun Oct 19 09:17:37 2014 :: Loading sysdata configuration...
Sun Oct 19 09:17:37 2014 :: Loading socials
Sun Oct 19 09:17:37 2014 :: Loading skill table
Sun Oct 19 09:17:37 2014 :: Sorting skill table...
Sun Oct 19 09:17:37 2014 :: Remapping slots to sns
Sun Oct 19 09:17:37 2014 :: Loading herb table
Sun Oct 19 09:17:37 2014 :: Loading clans
Sun Oct 19 09:17:37 2014 :: Loading channels
Sun Oct 19 09:17:37 2014 :: Loading bits
Sun Oct 19 09:17:37 2014 :: Loading help files
Sun Oct 19 09:17:37 2014 :: Loading books
Sun Oct 19 09:17:37 2014 :: Initializing random number generator
Sun Oct 19 09:17:37 2014 :: Setting time and weather
Sun Oct 19 09:17:37 2014 :: Assigning gsn's
ASSIGN_GSN: Skill disease not found.
ASSIGN_GSN: Skill weaken not found.
ASSIGN_GSN: Skill transmutation not found.
ASSIGN_GSN: Skill charm person not found.
ASSIGN_GSN: Skill counterspell not found.
ASSIGN_GSN: Skill sharpen not found.
Sun Oct 19 09:17:37 2014 :: Loading nations
Sun Oct 19 09:17:37 2014 :: Loading cities
Sun Oct 19 09:17:37 2014 :: Reading in area files...
help.are: No such file or directory
Sun Oct 19 09:17:37 2014 :: [*****] BUG: load_area: error loading file (can't open)
Sun Oct 19 09:17:37 2014 :: [*****] BUG: help.are
limbo.are     : Rooms:     1 - 8     Objs:     2 - 99    Mobs:     1 - 25
Sun Oct 19 09:17:37 2014 :: [*****] BOOT: load_room_reset: stockobj.are (1) 'O': object 21013 doesn't exist.
stockobj.are  : Rooms: 29000 - 29000 Objs: 28900 - 29999 Mobs:     0 - 0
Sun Oct 19 09:17:37 2014 :: [*****] BOOT: load_room_reset: elkandu.are (1) 'M': mobile 17012 doesn't exist.
Sun Oct 19 09:17:37 2014 :: [*****] BOOT: load_room_reset: elkandu.are (1) 'M': mobile 17004 doesn't exist.
Sun Oct 19 09:17:37 2014 :: [*****] BOOT: load_room_reset: elkandu.are (1) 'M': mobile 18302 doesn't exist.
Sun Oct 19 09:17:37 2014 :: [*****] BOOT: load_room_reset: elkandu.are (1) 'M': mobile 19402 doesn't exist.
Sun Oct 19 09:17:37 2014 :: [*****] BOOT: load_room_reset: elkandu.are (1) 'G': object 19996 doesn't exist.
Sun Oct 19 09:17:37 2014 :: [*****] BOOT: load_room_reset: elkandu.are (1) 'M': mobile 17001 doesn't exist.
Sun Oct 19 09:17:37 2014 :: [*****] BOOT: load_room_reset: elkandu.are (1) 'M': mobile 17002 doesn't exist.
Sun Oct 19 09:17:37 2014 :: [*****] BOOT: load_room_reset: elkandu.are (1) 'M': mobile 17006 doesn't exist.
Sun Oct 19 09:17:37 2014 :: [*****] BOOT: load_room_reset: elkandu.are (1) 'M': mobile 17003 doesn't exist.
Sun Oct 19 09:17:37 2014 :: [*****] BOOT: load_room_reset: elkandu.are (1) 'M': mobile 17005 doesn't exist.
Sun Oct 19 09:17:37 2014 :: [*****] BOOT: load_room_reset: elkandu.are (1) 'M': mobile 18301 doesn't exist.
Sun Oct 19 09:17:37 2014 :: [*****] BOOT: load_room_reset: elkandu.are (1) 'O': object 201 doesn't exist.
Sun Oct 19 09:17:37 2014 :: [*****] BOOT: load_room_reset: elkandu.are (1) 'M': mobile 17003 doesn't exist.
Sun Oct 19 09:17:37 2014 :: [*****] BOOT: load_room_reset: elkandu.are (1) 'M': mobile 17010 doesn't exist.
Sun Oct 19 09:17:37 2014 :: [*****] BOOT: load_room_reset: elkandu.are (1) 'M': mobile 18700 doesn't exist.
Sun Oct 19 09:17:37 2014 :: [*****] BOOT: load_room_reset: elkandu.are (1) 'O': object 17199 doesn't exist.
Sun Oct 19 09:17:37 2014 :: [*****] BOOT: load_room_reset: elkandu.are (1) 'O': object 9006 doesn't exist.
Sun Oct 19 09:17:37 2014 :: [*****] BOOT: load_room_reset: elkandu.are (1) 'M': mobile 17002 doesn't exist.
Sun Oct 19 09:17:37 2014 :: [*****] BOOT: load_room_reset: elkandu.are (1) 'O': object 17100 doesn't exist.
Sun Oct 19 09:17:37 2014 :: [*****] BOOT: load_room_reset: elkandu.are (1) 'O': object 17110 doesn't exist.
Sun Oct 19 09:17:37 2014 :: [*****] BOOT: load_room_reset: elkandu.are (1) 'M': mobile 17003 doesn't exist.
Sun Oct 19 09:17:37 2014 :: [*****] BOOT: load_room_reset: elkandu.are (1) 'M': mobile 19402 doesn't exist.
Sun Oct 19 09:17:37 2014 :: [*****] BOOT: load_room_reset: elkandu.are (1) 'M': mobile 17010 doesn't exist.
Sun Oct 19 09:17:37 2014 :: [*****] BOOT: load_room_reset: elkandu.are (1) 'M': mobile 17003 doesn't exist.
Sun Oct 19 09:17:37 2014 :: [*****] BOOT: load_room_reset: elkandu.are (1) 'O': object 18701 doesn't exist.
Sun Oct 19 09:17:37 2014 :: [*****] BOOT: load_room_reset: elkandu.are (1) 'M': mobile 17010 doesn't exist.
Sun Oct 19 09:17:37 2014 :: [*****] BOOT: load_room_reset: elkandu.are (1) 'M': mobile 17003 doesn't exist.
Sun Oct 19 09:17:37 2014 :: [*****] BOOT: load_room_reset: elkandu.are (1) 'M': mobile 18302 doesn't exist.
elkandu.are   : Rooms: 20000 - 20199 Objs: 20001 - 21001 Mobs: 20000 - 20099
gmaze.are     : Rooms:  9000 - 9074  Objs:  9000 - 9006  Mobs:     0 - 0
Sun Oct 19 09:17:37 2014 :: [*****] FILE: jaston.are LINE: 1071
Sun Oct 19 09:17:37 2014 :: [*****] BUG: load_room_reset: 'D': exit 2 not door.
Sun Oct 19 09:17:37 2014 :: [*****] FILE: jaston.are LINE: 1071
Sun Oct 19 09:17:37 2014 :: [*****] BUG: Reset: D 0 17024 2 2
Sun Oct 19 09:17:37 2014 :: [*****] BOOT: load_room_reset: jaston.are (1) 'D': exit 2 not door.
Sun Oct 19 09:17:37 2014 :: [*****] FILE: jaston.are LINE: 1324
Sun Oct 19 09:17:37 2014 :: [*****] BUG: load_room_reset: 'D': exit 1 not door.
Sun Oct 19 09:17:37 2014 :: [*****] FILE: jaston.are LINE: 1324
Sun Oct 19 09:17:37 2014 :: [*****] BUG: Reset: D 0 17040 1 0
Sun Oct 19 09:17:37 2014 :: [*****] BOOT: load_room_reset: jaston.are (1) 'D': exit 1 not door.
Sun Oct 19 09:17:37 2014 :: [*****] FILE: jaston.are LINE: 1685
Sun Oct 19 09:17:37 2014 :: [*****] BUG: load_room_reset: 'D': exit 0 not door.
Sun Oct 19 09:17:37 2014 :: [*****] FILE: jaston.are LINE: 1685
Sun Oct 19 09:17:37 2014 :: [*****] BUG: Reset: D 0 17064 0 0
Sun Oct 19 09:17:37 2014 :: [*****] BOOT: load_room_reset: jaston.are (1) 'D': exit 0 not door.
Sun Oct 19 09:17:37 2014 :: [*****] BOOT: load_room_reset: jaston.are (1) 'M': mobile 18303 doesn't exist.
Sun Oct 19 09:17:37 2014 :: [*****] BOOT: load_room_reset: jaston.are (1) 'M': mobile 18700 doesn't exist.
jaston.are    : Rooms: 17000 - 17099 Objs: 17000 - 17099 Mobs: 17001 - 17050
Sun Oct 19 09:17:37 2014 :: [*****] BOOT: load_resets: school.are (1) 'M': mobile 20003 doesn't exist.
Sun Oct 19 09:17:37 2014 :: [*****] BOOT: load_resets: school.are (3) 'O': object 27999 doesn't exist.
school.are    : Rooms:   100 - 199   Objs:     0 - 0     Mobs:     0 - 0
Houses.are    : Rooms:   200 - 999   Objs:     0 - 0     Mobs:     0 - 0
Sun Oct 19 09:17:37 2014 :: Loading high scores...
Sun Oct 19 09:17:37 2014 :: Loading Housing System, Home Accessories Data, and Home Auctioning System
Sun Oct 19 09:17:37 2014 :: [*****] BUG: Get_room_index: bad vnum 10088.
Sun Oct 19 09:17:37 2014 :: [*****] BUG: Cannot open homeaccessories.dat. Aborting loadup of accessories data.
Sun Oct 19 09:17:37 2014 :: [*****] BUG: Cannot open homebuy.dat. Aborting loadup of home auction data.
Sun Oct 19 09:17:37 2014 :: Fixing exits
Sun Oct 19 09:17:37 2014 :: [*****] BUG: Get_room_index: bad vnum 17721.
Sun Oct 19 09:17:37 2014 :: [*****] BOOT: Fix_exits: room 9001, exit east leads to bad vnum (17721)
Sun Oct 19 09:17:37 2014 :: [*****] BUG: Deleting east exit in room 9001
Sun Oct 19 09:17:37 2014 :: Initializing economy
Sun Oct 19 09:17:37 2014 :: Loading materials
Sun Oct 19 09:17:37 2014 :: Loading world
Sun Oct 19 09:17:37 2014 :: [*****] BUG: fread_word: EOF encountered on read.

Sun Oct 19 09:17:37 2014 :: [*****] BUG: Extract_char: NULL ch.
Sun Oct 19 09:17:37 2014 :: [*****] BUG: Fread_mobile: Vnum not found
Sun Oct 19 09:17:37 2014 :: [*****] BUG: Fread_number: bad format. (ÿ)
Sun Oct 19 09:17:37 2014 :: Loading deities
Sun Oct 19 09:17:37 2014 :: Loading talents...
Sun Oct 19 09:17:37 2014 :: fire.dty
Sun Oct 19 09:17:37 2014 :: earth.dty
Sun Oct 19 09:17:37 2014 :: wind.dty
Sun Oct 19 09:17:37 2014 :: frost.dty
Sun Oct 19 09:17:37 2014 :: lightn.dty
Sun Oct 19 09:17:37 2014 :: water.dty
Sun Oct 19 09:17:37 2014 :: dream.dty
Sun Oct 19 09:17:37 2014 :: speech.dty
Sun Oct 19 09:17:37 2014 :: healing.dty
Sun Oct 19 09:17:37 2014 :: death.dty
Sun Oct 19 09:17:37 2014 :: change.dty
Sun Oct 19 09:17:37 2014 :: time.dty
Sun Oct 19 09:17:37 2014 :: motion.dty
Sun Oct 19 09:17:37 2014 :: mind.dty
Sun Oct 19 09:17:37 2014 :: illusion.dty
Sun Oct 19 09:17:37 2014 :: seeking.dty
Sun Oct 19 09:17:37 2014 :: catalysm.dty
Sun Oct 19 09:17:37 2014 :: void.dty
Sun Oct 19 09:17:37 2014 :: $
Sun Oct 19 09:17:37 2014 ::  Done talents 
Sun Oct 19 09:17:37 2014 :: Loading bans
Sun Oct 19 09:17:37 2014 :: [*****] BUG: fread_word: EOF encountered on read.

Sun Oct 19 09:17:37 2014 :: [*****] BUG: Load_banlist: no match: ÿ
Sun Oct 19 09:17:37 2014 :: Done.
Sun Oct 19 09:17:37 2014 :: Loading reserved names
Sun Oct 19 09:17:37 2014 :: Loading material shops
Sun Oct 19 09:17:37 2014 :: Loading moons
Sun Oct 19 09:17:37 2014 :: Loading recipes
Sun Oct 19 09:17:37 2014 :: Loading ingredients
Sun Oct 19 09:17:37 2014 :: Loading species
Sun Oct 19 09:17:37 2014 :: Loading mutations
Sun Oct 19 09:17:37 2014 :: [*****] BUG: Load_mutations: no mutations found!
Sun Oct 19 09:17:37 2014 :: Loading arenas
Sun Oct 19 09:17:37 2014 :: Checking shops
Sun Oct 19 09:17:37 2014 :: Initializing socket
Sun Oct 19 09:17:37 2014 :: Ar'Oan Lost Dragons ready at address boogeyman on port 6501.
Sun Oct 19 09:17:37 2014 :: I3: Loading I3 command table...
Sun Oct 19 09:17:37 2014 :: I3: Loading Intermud-3 network data...
Sun Oct 19 09:17:37 2014 :: I3: Loading I3 router data...
Sun Oct 19 09:17:37 2014 :: I3: Loading I3 help file...
Sun Oct 19 09:17:37 2014 :: I3: Loading color table...
Sun Oct 19 09:17:37 2014 :: I3: Intermud-3 network data loaded. Autoconnect not set. Will need to connect manually.
Sun Oct 19 09:17:37 2014 :: IMC: Loading IMC2 command table...
Sun Oct 19 09:17:37 2014 :: ***BUG*** IMC: imc_readcommand: Command imcping loaded with invalid function. Set to NULL.
Sun Oct 19 09:17:37 2014 :: ***BUG*** IMC: imc_readcommand: Command imcstats loaded with invalid function. Set to NULL.
Sun Oct 19 09:17:37 2014 :: IMC: Loading IMC2 network data...
Sun Oct 19 09:17:37 2014 :: IMC: Loading IMC2 help file...
Sun Oct 19 09:17:37 2014 :: IMC: Loading IMC2 color table...
Sun Oct 19 09:17:37 2014 :: IMC: IMC2 network data loaded. Autoconnect not set. IMC2 will need to be connected manually.
Sun Oct 19 09:17:37 2014 :: Running copyover_recover.
Sun Oct 19 09:17:37 2014 :: Copyover recovery initiated
Sun Oct 19 09:17:37 2014 :: Loading player data for: Aasterinian (12K)
Sun Oct 19 09:17:37 2014 :: Creating area entry for Aasterinian
Sun Oct 19 09:17:37 2014 :: [*****] BUG: reset_room: stockobj.are: 'O': bad obj vnum 21013.
Sun Oct 19 09:17:37 2014 :: [*****] BUG: reset_room: elkandu.are: 'M': bad mob vnum 18302.
Sun Oct 19 09:17:37 2014 :: [*****] BUG: reset_room: elkandu.are: 'M': bad mob vnum 19402.
Sun Oct 19 09:17:37 2014 :: [*****] BUG: reset_room: elkandu.are: 'M': bad mob vnum 18301.
Sun Oct 19 09:17:37 2014 :: [*****] BUG: reset_room: elkandu.are: 'O': bad obj vnum 201.
Sun Oct 19 09:17:37 2014 :: [*****] BUG: reset_room: elkandu.are: 'M': bad mob vnum 18700.
Sun Oct 19 09:17:37 2014 :: [*****] BUG: reset_room: elkandu.are: 'O': bad obj vnum 17199.
Sun Oct 19 09:17:37 2014 :: [*****] BUG: reset_room: elkandu.are: 'O': bad obj vnum 17100.
Sun Oct 19 09:17:37 2014 :: [*****] BUG: reset_room: elkandu.are: 'O': bad obj vnum 17110.
Sun Oct 19 09:17:37 2014 :: [*****] BUG: reset_room: elkandu.are: 'M': bad mob vnum 19402.
Sun Oct 19 09:17:37 2014 :: [*****] BUG: reset_room: elkandu.are: 'O': bad obj vnum 18701.
Sun Oct 19 09:17:37 2014 :: [*****] BUG: reset_room: elkandu.are: 'M': bad mob vnum 18302.
Sun Oct 19 09:17:37 2014 :: [*****] BUG: reset_room: jaston.are: 'M': bad mob vnum 18303.
Sun Oct 19 09:17:37 2014 :: [*****] BUG: reset_room: jaston.are: 'M': bad mob vnum 18700.
Sun Oct 19 09:17:37 2014 :: [*****] BUG: reset_room: school.are: 'M': bad mob vnum 20003.
Sun Oct 19 09:17:37 2014 :: [*****] BUG: reset_room: school.are: 'O': bad obj vnum 27999.
Sun Oct 19 09:19:05 2014 :: [*****] BUG: reset_room: school.are: 'M': bad mob vnum 20003.
Sun Oct 19 09:19:05 2014 :: [*****] BUG: reset_room: school.are: 'O': bad obj vnum 27999.
Sun Oct 19 09:20:35 2014 :: Log Aasterinian: copyover
Sun Oct 19 09:20:35 2014 :: Booting Database
 0 0 0 0 0 0 0 0 0 0 0 0 0 0 0 0 0 0 0 0 0 0 0 0 0 0 0 0 0 0 0 0
Sun Oct 19 09:20:35 2014 :: [*****] BOOT: ---------------------[ Boot Log ]--------------------
Sun Oct 19 09:20:35 2014 :: Loading commands
Sun Oct 19 09:20:35 2014 :: Loading sysdata configuration...
Sun Oct 19 09:20:35 2014 :: Loading socials
Sun Oct 19 09:20:35 2014 :: Loading skill table
Sun Oct 19 09:20:35 2014 :: Sorting skill table...
Sun Oct 19 09:20:35 2014 :: Remapping slots to sns
Sun Oct 19 09:20:35 2014 :: Loading herb table
Sun Oct 19 09:20:35 2014 :: Loading clans
Sun Oct 19 09:20:35 2014 :: Loading channels
Sun Oct 19 09:20:35 2014 :: Loading bits
Sun Oct 19 09:20:35 2014 :: Loading help files
Sun Oct 19 09:20:35 2014 :: Loading books
Sun Oct 19 09:20:35 2014 :: Initializing random number generator
Sun Oct 19 09:20:35 2014 :: Setting time and weather
Sun Oct 19 09:20:35 2014 :: Assigning gsn's
ASSIGN_GSN: Skill disease not found.
ASSIGN_GSN: Skill weaken not found.
ASSIGN_GSN: Skill transmutation not found.
ASSIGN_GSN: Skill charm person not found.
ASSIGN_GSN: Skill counterspell not found.
ASSIGN_GSN: Skill sharpen not found.
Sun Oct 19 09:20:35 2014 :: Loading nations
Sun Oct 19 09:20:35 2014 :: Loading cities
Sun Oct 19 09:20:35 2014 :: Reading in area files...
help.are: No such file or directory
Sun Oct 19 09:20:35 2014 :: [*****] BUG: load_area: error loading file (can't open)
Sun Oct 19 09:20:35 2014 :: [*****] BUG: help.are
limbo.are     : Rooms:     1 - 8     Objs:     2 - 99    Mobs:     1 - 25
Sun Oct 19 09:20:35 2014 :: [*****] BOOT: load_room_reset: stockobj.are (1) 'O': object 21013 doesn't exist.
stockobj.are  : Rooms: 29000 - 29000 Objs: 28900 - 29999 Mobs:     0 - 0
Sun Oct 19 09:20:35 2014 :: [*****] BOOT: load_room_reset: elkandu.are (1) 'M': mobile 17012 doesn't exist.
Sun Oct 19 09:20:35 2014 :: [*****] BOOT: load_room_reset: elkandu.are (1) 'M': mobile 17004 doesn't exist.
Sun Oct 19 09:20:35 2014 :: [*****] BOOT: load_room_reset: elkandu.are (1) 'M': mobile 18302 doesn't exist.
Sun Oct 19 09:20:35 2014 :: [*****] BOOT: load_room_reset: elkandu.are (1) 'M': mobile 19402 doesn't exist.
Sun Oct 19 09:20:35 2014 :: [*****] BOOT: load_room_reset: elkandu.are (1) 'G': object 19996 doesn't exist.
Sun Oct 19 09:20:35 2014 :: [*****] BOOT: load_room_reset: elkandu.are (1) 'M': mobile 17001 doesn't exist.
Sun Oct 19 09:20:35 2014 :: [*****] BOOT: load_room_reset: elkandu.are (1) 'M': mobile 17002 doesn't exist.
Sun Oct 19 09:20:35 2014 :: [*****] BOOT: load_room_reset: elkandu.are (1) 'M': mobile 17006 doesn't exist.
Sun Oct 19 09:20:35 2014 :: [*****] BOOT: load_room_reset: elkandu.are (1) 'M': mobile 17003 doesn't exist.
Sun Oct 19 09:20:35 2014 :: [*****] BOOT: load_room_reset: elkandu.are (1) 'M': mobile 17005 doesn't exist.
Sun Oct 19 09:20:35 2014 :: [*****] BOOT: load_room_reset: elkandu.are (1) 'M': mobile 18301 doesn't exist.
Sun Oct 19 09:20:35 2014 :: [*****] BOOT: load_room_reset: elkandu.are (1) 'O': object 201 doesn't exist.
Sun Oct 19 09:20:35 2014 :: [*****] BOOT: load_room_reset: elkandu.are (1) 'M': mobile 17003 doesn't exist.
Sun Oct 19 09:20:35 2014 :: [*****] BOOT: load_room_reset: elkandu.are (1) 'M': mobile 17010 doesn't exist.
Sun Oct 19 09:20:35 2014 :: [*****] BOOT: load_room_reset: elkandu.are (1) 'M': mobile 18700 doesn't exist.
Sun Oct 19 09:20:35 2014 :: [*****] BOOT: load_room_reset: elkandu.are (1) 'O': object 17199 doesn't exist.
Sun Oct 19 09:20:35 2014 :: [*****] BOOT: load_room_reset: elkandu.are (1) 'O': object 9006 doesn't exist.
Sun Oct 19 09:20:35 2014 :: [*****] BOOT: load_room_reset: elkandu.are (1) 'M': mobile 17002 doesn't exist.
Sun Oct 19 09:20:35 2014 :: [*****] BOOT: load_room_reset: elkandu.are (1) 'O': object 17100 doesn't exist.
Sun Oct 19 09:20:35 2014 :: [*****] BOOT: load_room_reset: elkandu.are (1) 'O': object 17110 doesn't exist.
Sun Oct 19 09:20:35 2014 :: [*****] BOOT: load_room_reset: elkandu.are (1) 'M': mobile 17003 doesn't exist.
Sun Oct 19 09:20:35 2014 :: [*****] BOOT: load_room_reset: elkandu.are (1) 'M': mobile 19402 doesn't exist.
Sun Oct 19 09:20:35 2014 :: [*****] BOOT: load_room_reset: elkandu.are (1) 'M': mobile 17010 doesn't exist.
Sun Oct 19 09:20:35 2014 :: [*****] BOOT: load_room_reset: elkandu.are (1) 'M': mobile 17003 doesn't exist.
Sun Oct 19 09:20:35 2014 :: [*****] BOOT: load_room_reset: elkandu.are (1) 'O': object 18701 doesn't exist.
Sun Oct 19 09:20:35 2014 :: [*****] BOOT: load_room_reset: elkandu.are (1) 'M': mobile 17010 doesn't exist.
Sun Oct 19 09:20:35 2014 :: [*****] BOOT: load_room_reset: elkandu.are (1) 'M': mobile 17003 doesn't exist.
Sun Oct 19 09:20:35 2014 :: [*****] BOOT: load_room_reset: elkandu.are (1) 'M': mobile 18302 doesn't exist.
elkandu.are   : Rooms: 20000 - 20199 Objs: 20001 - 21001 Mobs: 20000 - 20099
gmaze.are     : Rooms:  9000 - 9074  Objs:  9000 - 9006  Mobs:     0 - 0
Sun Oct 19 09:20:35 2014 :: [*****] FILE: jaston.are LINE: 1071
Sun Oct 19 09:20:35 2014 :: [*****] BUG: load_room_reset: 'D': exit 2 not door.
Sun Oct 19 09:20:35 2014 :: [*****] FILE: jaston.are LINE: 1071
Sun Oct 19 09:20:35 2014 :: [*****] BUG: Reset: D 0 17024 2 2
Sun Oct 19 09:20:35 2014 :: [*****] BOOT: load_room_reset: jaston.are (1) 'D': exit 2 not door.
Sun Oct 19 09:20:35 2014 :: [*****] FILE: jaston.are LINE: 1324
Sun Oct 19 09:20:35 2014 :: [*****] BUG: load_room_reset: 'D': exit 1 not door.
Sun Oct 19 09:20:35 2014 :: [*****] FILE: jaston.are LINE: 1324
Sun Oct 19 09:20:35 2014 :: [*****] BUG: Reset: D 0 17040 1 0
Sun Oct 19 09:20:35 2014 :: [*****] BOOT: load_room_reset: jaston.are (1) 'D': exit 1 not door.
Sun Oct 19 09:20:35 2014 :: [*****] FILE: jaston.are LINE: 1685
Sun Oct 19 09:20:35 2014 :: [*****] BUG: load_room_reset: 'D': exit 0 not door.
Sun Oct 19 09:20:35 2014 :: [*****] FILE: jaston.are LINE: 1685
Sun Oct 19 09:20:35 2014 :: [*****] BUG: Reset: D 0 17064 0 0
Sun Oct 19 09:20:35 2014 :: [*****] BOOT: load_room_reset: jaston.are (1) 'D': exit 0 not door.
Sun Oct 19 09:20:35 2014 :: [*****] BOOT: load_room_reset: jaston.are (1) 'M': mobile 18303 doesn't exist.
Sun Oct 19 09:20:35 2014 :: [*****] BOOT: load_room_reset: jaston.are (1) 'M': mobile 18700 doesn't exist.
jaston.are    : Rooms: 17000 - 17099 Objs: 17000 - 17099 Mobs: 17001 - 17050
Sun Oct 19 09:20:35 2014 :: [*****] BOOT: load_resets: school.are (1) 'M': mobile 20003 doesn't exist.
Sun Oct 19 09:20:35 2014 :: [*****] BOOT: load_resets: school.are (3) 'O': object 27999 doesn't exist.
school.are    : Rooms:   100 - 199   Objs:     0 - 0     Mobs:     0 - 0
Houses.are    : Rooms:   200 - 999   Objs:     0 - 0     Mobs:     0 - 0
Sun Oct 19 09:20:35 2014 :: Loading high scores...
Sun Oct 19 09:20:35 2014 :: Loading Housing System, Home Accessories Data, and Home Auctioning System
Sun Oct 19 09:20:35 2014 :: [*****] BUG: Get_room_index: bad vnum 10088.
Sun Oct 19 09:20:35 2014 :: [*****] BUG: Cannot open homeaccessories.dat. Aborting loadup of accessories data.
Sun Oct 19 09:20:35 2014 :: [*****] BUG: Cannot open homebuy.dat. Aborting loadup of home auction data.
Sun Oct 19 09:20:35 2014 :: Fixing exits
Sun Oct 19 09:20:35 2014 :: [*****] BUG: Get_room_index: bad vnum 17721.
Sun Oct 19 09:20:35 2014 :: [*****] BOOT: Fix_exits: room 9001, exit east leads to bad vnum (17721)
Sun Oct 19 09:20:35 2014 :: [*****] BUG: Deleting east exit in room 9001
Sun Oct 19 09:20:35 2014 :: Initializing economy
Sun Oct 19 09:20:35 2014 :: Loading materials
Sun Oct 19 09:20:35 2014 :: Loading world
Sun Oct 19 09:20:35 2014 :: [*****] BUG: fread_word: EOF encountered on read.

Sun Oct 19 09:20:35 2014 :: [*****] BUG: Extract_char: NULL ch.
Sun Oct 19 09:20:35 2014 :: [*****] BUG: Fread_mobile: Vnum not found
Sun Oct 19 09:20:35 2014 :: [*****] BUG: fread_word: EOF encountered on read.

Sun Oct 19 09:20:35 2014 :: Loading deities
Sun Oct 19 09:20:35 2014 :: Loading talents...
Sun Oct 19 09:20:35 2014 :: fire.dty
Sun Oct 19 09:20:35 2014 :: earth.dty
Sun Oct 19 09:20:35 2014 :: wind.dty
Sun Oct 19 09:20:35 2014 :: frost.dty
Sun Oct 19 09:20:35 2014 :: lightn.dty
Sun Oct 19 09:20:35 2014 :: water.dty
Sun Oct 19 09:20:35 2014 :: dream.dty
Sun Oct 19 09:20:35 2014 :: speech.dty
Sun Oct 19 09:20:35 2014 :: healing.dty
Sun Oct 19 09:20:35 2014 :: death.dty
Sun Oct 19 09:20:35 2014 :: change.dty
Sun Oct 19 09:20:35 2014 :: time.dty
Sun Oct 19 09:20:35 2014 :: motion.dty
Sun Oct 19 09:20:35 2014 :: mind.dty
Sun Oct 19 09:20:35 2014 :: illusion.dty
Sun Oct 19 09:20:35 2014 :: seeking.dty
Sun Oct 19 09:20:35 2014 :: catalysm.dty
Sun Oct 19 09:20:35 2014 :: void.dty
Sun Oct 19 09:20:35 2014 :: $
Sun Oct 19 09:20:35 2014 ::  Done talents 
Sun Oct 19 09:20:35 2014 :: Loading bans
Sun Oct 19 09:20:35 2014 :: [*****] BUG: fread_word: EOF encountered on read.

Sun Oct 19 09:20:35 2014 :: [*****] BUG: Load_banlist: no match: ÿ
Sun Oct 19 09:20:35 2014 :: Done.
Sun Oct 19 09:20:35 2014 :: Loading reserved names
Sun Oct 19 09:20:35 2014 :: Loading material shops
Sun Oct 19 09:20:35 2014 :: Loading moons
Sun Oct 19 09:20:35 2014 :: Loading recipes
Sun Oct 19 09:20:35 2014 :: Loading ingredients
Sun Oct 19 09:20:35 2014 :: Loading species
Sun Oct 19 09:20:35 2014 :: Loading mutations
Sun Oct 19 09:20:35 2014 :: [*****] BUG: Load_mutations: no mutations found!
Sun Oct 19 09:20:35 2014 :: Loading arenas
Sun Oct 19 09:20:35 2014 :: Checking shops
Sun Oct 19 09:20:35 2014 :: Initializing socket
Sun Oct 19 09:20:35 2014 :: Ar'Oan Lost Dragons ready at address boogeyman on port 6501.
Sun Oct 19 09:20:35 2014 :: I3: Loading I3 command table...
Sun Oct 19 09:20:35 2014 :: I3: Loading Intermud-3 network data...
Sun Oct 19 09:20:35 2014 :: I3: Loading I3 router data...
Sun Oct 19 09:20:35 2014 :: I3: Loading I3 help file...
Sun Oct 19 09:20:35 2014 :: I3: Loading color table...
Sun Oct 19 09:20:35 2014 :: I3: Intermud-3 network data loaded. Autoconnect not set. Will need to connect manually.
Sun Oct 19 09:20:35 2014 :: IMC: Loading IMC2 command table...
Sun Oct 19 09:20:35 2014 :: ***BUG*** IMC: imc_readcommand: Command imcping loaded with invalid function. Set to NULL.
Sun Oct 19 09:20:35 2014 :: ***BUG*** IMC: imc_readcommand: Command imcstats loaded with invalid function. Set to NULL.
Sun Oct 19 09:20:35 2014 :: IMC: Loading IMC2 network data...
Sun Oct 19 09:20:35 2014 :: IMC: Loading IMC2 help file...
Sun Oct 19 09:20:35 2014 :: IMC: Loading IMC2 color table...
Sun Oct 19 09:20:35 2014 :: IMC: IMC2 network data loaded. Autoconnect not set. IMC2 will need to be connected manually.
Sun Oct 19 09:20:35 2014 :: Running copyover_recover.
Sun Oct 19 09:20:35 2014 :: Copyover recovery initiated
Sun Oct 19 09:20:35 2014 :: Loading player data for: Aasterinian (12K)
Sun Oct 19 09:20:35 2014 :: Creating area entry for Aasterinian
Sun Oct 19 09:20:35 2014 :: [*****] BUG: reset_room: stockobj.are: 'O': bad obj vnum 21013.
Sun Oct 19 09:20:35 2014 :: [*****] BUG: reset_room: elkandu.are: 'M': bad mob vnum 18302.
Sun Oct 19 09:20:35 2014 :: [*****] BUG: reset_room: elkandu.are: 'M': bad mob vnum 19402.
Sun Oct 19 09:20:35 2014 :: [*****] BUG: reset_room: elkandu.are: 'M': bad mob vnum 18301.
Sun Oct 19 09:20:35 2014 :: [*****] BUG: reset_room: elkandu.are: 'O': bad obj vnum 201.
Sun Oct 19 09:20:35 2014 :: [*****] BUG: reset_room: elkandu.are: 'M': bad mob vnum 18700.
Sun Oct 19 09:20:35 2014 :: [*****] BUG: reset_room: elkandu.are: 'O': bad obj vnum 17199.
Sun Oct 19 09:20:35 2014 :: [*****] BUG: reset_room: elkandu.are: 'O': bad obj vnum 17100.
Sun Oct 19 09:20:35 2014 :: [*****] BUG: reset_room: elkandu.are: 'O': bad obj vnum 17110.
Sun Oct 19 09:20:35 2014 :: [*****] BUG: reset_room: elkandu.are: 'M': bad mob vnum 19402.
Sun Oct 19 09:20:35 2014 :: [*****] BUG: reset_room: elkandu.are: 'O': bad obj vnum 18701.
Sun Oct 19 09:20:35 2014 :: [*****] BUG: reset_room: elkandu.are: 'M': bad mob vnum 18302.
Sun Oct 19 09:20:35 2014 :: [*****] BUG: reset_room: jaston.are: 'M': bad mob vnum 18303.
Sun Oct 19 09:20:35 2014 :: [*****] BUG: reset_room: jaston.are: 'M': bad mob vnum 18700.
Sun Oct 19 09:20:35 2014 :: [*****] BUG: reset_room: school.are: 'M': bad mob vnum 20003.
Sun Oct 19 09:20:35 2014 :: [*****] BUG: reset_room: school.are: 'O': bad obj vnum 27999.
Sun Oct 19 09:22:49 2014 :: [*****] BUG: reset_room: school.are: 'M': bad mob vnum 20003.
Sun Oct 19 09:22:49 2014 :: [*****] BUG: reset_room: school.are: 'O': bad obj vnum 27999.
Sun Oct 19 09:24:24 2014 :: [*****] BUG: reset_room: school.are: 'M': bad mob vnum 20003.
Sun Oct 19 09:24:24 2014 :: [*****] BUG: reset_room: school.are: 'O': bad obj vnum 27999.
Sun Oct 19 09:24:52 2014 :: Log Aasterinian: makeore
Sun Oct 19 09:25:03 2014 :: Log Aasterinian: makeore 136
Sun Oct 19 09:26:14 2014 :: [*****] BUG: reset_room: school.are: 'M': bad mob vnum 20003.
Sun Oct 19 09:26:14 2014 :: [*****] BUG: reset_room: school.are: 'O': bad obj vnum 27999.
Sun Oct 19 09:28:39 2014 :: [*****] BUG: reset_room: school.are: 'M': bad mob vnum 20003.
Sun Oct 19 09:28:39 2014 :: [*****] BUG: reset_room: school.are: 'O': bad obj vnum 27999.
Sun Oct 19 09:29:08 2014 :: Log Aasterinian: makeore pelt
Sun Oct 19 09:30:36 2014 :: Log Aasterinian: material
Sun Oct 19 09:30:41 2014 :: Log Aasterinian: material show 136
Sun Oct 19 09:30:49 2014 :: [*****] BUG: reset_room: school.are: 'M': bad mob vnum 20003.
Sun Oct 19 09:30:49 2014 :: [*****] BUG: reset_room: school.are: 'O': bad obj vnum 27999.
Sun Oct 19 09:30:51 2014 :: Log Aasterinian: material find leather
Sun Oct 19 09:30:56 2014 :: Log Aasterinian: material show 2
Sun Oct 19 09:31:09 2014 :: Log Aasterinian: material
Sun Oct 19 09:31:21 2014 :: Log Aasterinian: material set 136 flags organic
Sun Oct 19 09:31:24 2014 :: Log Aasterinian: material save
Sun Oct 19 09:31:35 2014 :: Log Aasterinian: makeore 2
Sun Oct 19 09:33:03 2014 :: [*****] BUG: reset_room: school.are: 'M': bad mob vnum 20003.
Sun Oct 19 09:33:03 2014 :: [*****] BUG: reset_room: school.are: 'O': bad obj vnum 27999.
Sun Oct 19 09:33:10 2014 :: Log Aasterinian: ingredient
Sun Oct 19 09:33:23 2014 :: Log Aasterinian: recipe
Sun Oct 19 09:33:26 2014 :: Log Aasterinian: recipe list
Sun Oct 19 09:33:29 2014 :: Log Aasterinian: recipe
Sun Oct 19 09:33:32 2014 :: Log Aasterinian: recipe find vest
Sun Oct 19 09:34:08 2014 :: Log Aasterinian: material show 2
Sun Oct 19 09:34:12 2014 :: Log Aasterinian: material show 136
Sun Oct 19 09:34:14 2014 :: [*****] BUG: reset_room: stockobj.are: 'O': bad obj vnum 21013.
Sun Oct 19 09:34:14 2014 :: [*****] BUG: reset_room: elkandu.are: 'M': bad mob vnum 18302.
Sun Oct 19 09:34:14 2014 :: [*****] BUG: reset_room: elkandu.are: 'M': bad mob vnum 19402.
Sun Oct 19 09:34:14 2014 :: [*****] BUG: reset_room: elkandu.are: 'M': bad mob vnum 18301.
Sun Oct 19 09:34:14 2014 :: [*****] BUG: reset_room: elkandu.are: 'O': bad obj vnum 201.
Sun Oct 19 09:34:14 2014 :: [*****] BUG: reset_room: elkandu.are: 'M': bad mob vnum 18700.
Sun Oct 19 09:34:14 2014 :: [*****] BUG: reset_room: elkandu.are: 'O': bad obj vnum 17199.
Sun Oct 19 09:34:14 2014 :: [*****] BUG: reset_room: elkandu.are: 'O': bad obj vnum 17100.
Sun Oct 19 09:34:14 2014 :: [*****] BUG: reset_room: elkandu.are: 'O': bad obj vnum 17110.
Sun Oct 19 09:34:14 2014 :: [*****] BUG: reset_room: elkandu.are: 'M': bad mob vnum 19402.
Sun Oct 19 09:34:14 2014 :: [*****] BUG: reset_room: elkandu.are: 'O': bad obj vnum 18701.
Sun Oct 19 09:34:14 2014 :: [*****] BUG: reset_room: elkandu.are: 'M': bad mob vnum 18302.
Sun Oct 19 09:34:45 2014 :: Log Aasterinian: material set 136 cost 1
Sun Oct 19 09:34:49 2014 :: Log Aasterinian: material save
Read_from_descriptor: Connection timed out
Sun Oct 19 09:56:04 2014 :: Closing link to Aasterinian.
Sun Oct 19 10:01:00 2014 :: Sock.sinaddr:  75.131.128.102, port -9856.
Sun Oct 19 10:01:01 2014 :: Preloading player data for: Aasterinian (13K)
Sun Oct 19 10:01:01 2014 :: Updating area entry for Aasterinian
Sun Oct 19 10:01:01 2014 :: Aasterinian@75.131.128.102((unknown)) reconnected.
Sun Oct 19 10:01:04 2014 :: [*****] BUG: reset_room: elkandu.are: 'M': bad mob vnum 18302.
Sun Oct 19 10:01:04 2014 :: [*****] BUG: reset_room: elkandu.are: 'M': bad mob vnum 19402.
Sun Oct 19 10:01:04 2014 :: [*****] BUG: reset_room: elkandu.are: 'M': bad mob vnum 18301.
Sun Oct 19 10:01:04 2014 :: [*****] BUG: reset_room: elkandu.are: 'O': bad obj vnum 201.
Sun Oct 19 10:01:04 2014 :: [*****] BUG: reset_room: elkandu.are: 'M': bad mob vnum 18700.
Sun Oct 19 10:01:04 2014 :: [*****] BUG: reset_room: elkandu.are: 'O': bad obj vnum 17199.
Sun Oct 19 10:01:04 2014 :: [*****] BUG: reset_room: elkandu.are: 'O': bad obj vnum 17100.
Sun Oct 19 10:01:04 2014 :: [*****] BUG: reset_room: elkandu.are: 'O': bad obj vnum 17110.
Sun Oct 19 10:01:04 2014 :: [*****] BUG: reset_room: elkandu.are: 'M': bad mob vnum 19402.
Sun Oct 19 10:01:04 2014 :: [*****] BUG: reset_room: elkandu.are: 'O': bad obj vnum 18701.
Sun Oct 19 10:01:04 2014 :: [*****] BUG: reset_room: elkandu.are: 'M': bad mob vnum 18302.
Sun Oct 19 10:01:04 2014 :: [*****] BUG: reset_room: elkandu.are: 'M': bad mob vnum 18302.
Sun Oct 19 10:01:04 2014 :: [*****] BUG: reset_room: elkandu.are: 'M': bad mob vnum 19402.
Sun Oct 19 10:01:04 2014 :: [*****] BUG: reset_room: elkandu.are: 'M': bad mob vnum 18301.
Sun Oct 19 10:01:04 2014 :: [*****] BUG: reset_room: elkandu.are: 'O': bad obj vnum 201.
Sun Oct 19 10:01:04 2014 :: [*****] BUG: reset_room: elkandu.are: 'M': bad mob vnum 18700.
Sun Oct 19 10:01:04 2014 :: [*****] BUG: reset_room: elkandu.are: 'O': bad obj vnum 17199.
Sun Oct 19 10:01:04 2014 :: [*****] BUG: reset_room: elkandu.are: 'O': bad obj vnum 17100.
Sun Oct 19 10:01:04 2014 :: [*****] BUG: reset_room: elkandu.are: 'O': bad obj vnum 17110.
Sun Oct 19 10:01:04 2014 :: [*****] BUG: reset_room: elkandu.are: 'M': bad mob vnum 19402.
Sun Oct 19 10:01:04 2014 :: [*****] BUG: reset_room: elkandu.are: 'O': bad obj vnum 18701.
Sun Oct 19 10:01:04 2014 :: [*****] BUG: reset_room: elkandu.are: 'M': bad mob vnum 18302.
Sun Oct 19 10:01:04 2014 :: [*****] BUG: reset_room: elkandu.are: 'M': bad mob vnum 18302.
Sun Oct 19 10:01:04 2014 :: [*****] BUG: reset_room: elkandu.are: 'M': bad mob vnum 19402.
Sun Oct 19 10:01:04 2014 :: [*****] BUG: reset_room: elkandu.are: 'M': bad mob vnum 18301.
Sun Oct 19 10:01:04 2014 :: [*****] BUG: reset_room: elkandu.are: 'O': bad obj vnum 201.
Sun Oct 19 10:01:04 2014 :: [*****] BUG: reset_room: elkandu.are: 'M': bad mob vnum 18700.
Sun Oct 19 10:01:04 2014 :: [*****] BUG: reset_room: elkandu.are: 'O': bad obj vnum 17199.
Sun Oct 19 10:01:04 2014 :: [*****] BUG: reset_room: elkandu.are: 'O': bad obj vnum 17100.
Sun Oct 19 10:01:04 2014 :: [*****] BUG: reset_room: elkandu.are: 'O': bad obj vnum 17110.
Sun Oct 19 10:01:04 2014 :: [*****] BUG: reset_room: elkandu.are: 'M': bad mob vnum 19402.
Sun Oct 19 10:01:04 2014 :: [*****] BUG: reset_room: elkandu.are: 'O': bad obj vnum 18701.
Sun Oct 19 10:01:04 2014 :: [*****] BUG: reset_room: elkandu.are: 'M': bad mob vnum 18302.
Sun Oct 19 10:01:15 2014 :: [*****] BUG: reset_room: elkandu.are: 'M': bad mob vnum 18302.
Sun Oct 19 10:01:15 2014 :: [*****] BUG: reset_room: elkandu.are: 'M': bad mob vnum 19402.
Sun Oct 19 10:01:15 2014 :: [*****] BUG: reset_room: elkandu.are: 'M': bad mob vnum 18301.
Sun Oct 19 10:01:15 2014 :: [*****] BUG: reset_room: elkandu.are: 'O': bad obj vnum 201.
Sun Oct 19 10:01:15 2014 :: [*****] BUG: reset_room: elkandu.are: 'M': bad mob vnum 18700.
Sun Oct 19 10:01:15 2014 :: [*****] BUG: reset_room: elkandu.are: 'O': bad obj vnum 17199.
Sun Oct 19 10:01:15 2014 :: [*****] BUG: reset_room: elkandu.are: 'O': bad obj vnum 17100.
Sun Oct 19 10:01:15 2014 :: [*****] BUG: reset_room: elkandu.are: 'O': bad obj vnum 17110.
Sun Oct 19 10:01:15 2014 :: [*****] BUG: reset_room: elkandu.are: 'M': bad mob vnum 19402.
Sun Oct 19 10:01:15 2014 :: [*****] BUG: reset_room: elkandu.are: 'O': bad obj vnum 18701.
Sun Oct 19 10:01:15 2014 :: [*****] BUG: reset_room: elkandu.are: 'M': bad mob vnum 18302.
Sun Oct 19 10:01:15 2014 :: [*****] BUG: reset_room: elkandu.are: 'M': bad mob vnum 18302.
Sun Oct 19 10:01:15 2014 :: [*****] BUG: reset_room: elkandu.are: 'M': bad mob vnum 19402.
Sun Oct 19 10:01:15 2014 :: [*****] BUG: reset_room: elkandu.are: 'M': bad mob vnum 18301.
Sun Oct 19 10:01:15 2014 :: [*****] BUG: reset_room: elkandu.are: 'O': bad obj vnum 201.
Sun Oct 19 10:01:15 2014 :: [*****] BUG: reset_room: elkandu.are: 'M': bad mob vnum 18700.
Sun Oct 19 10:01:15 2014 :: [*****] BUG: reset_room: elkandu.are: 'O': bad obj vnum 17199.
Sun Oct 19 10:01:15 2014 :: [*****] BUG: reset_room: elkandu.are: 'O': bad obj vnum 17100.
Sun Oct 19 10:01:15 2014 :: [*****] BUG: reset_room: elkandu.are: 'O': bad obj vnum 17110.
Sun Oct 19 10:01:15 2014 :: [*****] BUG: reset_room: elkandu.are: 'M': bad mob vnum 19402.
Sun Oct 19 10:01:15 2014 :: [*****] BUG: reset_room: elkandu.are: 'O': bad obj vnum 18701.
Sun Oct 19 10:01:15 2014 :: [*****] BUG: reset_room: elkandu.are: 'M': bad mob vnum 18302.
Sun Oct 19 10:01:15 2014 :: [*****] BUG: reset_room: elkandu.are: 'M': bad mob vnum 18302.
Sun Oct 19 10:01:15 2014 :: [*****] BUG: reset_room: elkandu.are: 'M': bad mob vnum 19402.
Sun Oct 19 10:01:15 2014 :: [*****] BUG: reset_room: elkandu.are: 'M': bad mob vnum 18301.
Sun Oct 19 10:01:15 2014 :: [*****] BUG: reset_room: elkandu.are: 'O': bad obj vnum 201.
Sun Oct 19 10:01:15 2014 :: [*****] BUG: reset_room: elkandu.are: 'M': bad mob vnum 18700.
Sun Oct 19 10:01:15 2014 :: [*****] BUG: reset_room: elkandu.are: 'O': bad obj vnum 17199.
Sun Oct 19 10:01:15 2014 :: [*****] BUG: reset_room: elkandu.are: 'O': bad obj vnum 17100.
Sun Oct 19 10:01:15 2014 :: [*****] BUG: reset_room: elkandu.are: 'O': bad obj vnum 17110.
Sun Oct 19 10:01:15 2014 :: [*****] BUG: reset_room: elkandu.are: 'M': bad mob vnum 19402.
Sun Oct 19 10:01:15 2014 :: [*****] BUG: reset_room: elkandu.are: 'O': bad obj vnum 18701.
Sun Oct 19 10:01:15 2014 :: [*****] BUG: reset_room: elkandu.are: 'M': bad mob vnum 18302.
Sun Oct 19 10:01:52 2014 :: Log Aasterinian: minvoke rat
Sun Oct 19 10:31:26 2014 :: [*****] BUG: add_hiscore: table 'hours' not found
Sun Oct 19 10:31:26 2014 :: Aasterinian has quit in Limbo (2).
Sun Oct 19 10:40:30 2014 :: Sock.sinaddr:  75.131.128.102, port -8849.
Sun Oct 19 10:40:31 2014 :: Preloading player data for: Aasterinian (13K)
Sun Oct 19 10:40:31 2014 :: Updating area entry for Aasterinian
Sun Oct 19 10:40:31 2014 :: Loading player data for: Aasterinian (13K)
Sun Oct 19 10:40:31 2014 :: Updating area entry for Aasterinian
Sun Oct 19 10:40:31 2014 :: Aasterinian@75.131.128.102((unknown)) has connected.
Sun Oct 19 10:40:33 2014 :: Aasterinian has entered the game in the Nexus of Torn Elkandu (20000).
Sun Oct 19 10:40:35 2014 :: Log Aasterinian: copyover
Sun Oct 19 10:40:35 2014 :: Booting Database
 0 0 0 0 0 0 0 0 0 0 0 0 0 0 0 0 0 0 0 0 0 0 0 0 0 0 0 0 0 0 0 0
Sun Oct 19 10:40:35 2014 :: [*****] BOOT: ---------------------[ Boot Log ]--------------------
Sun Oct 19 10:40:35 2014 :: Loading commands
Sun Oct 19 10:40:35 2014 :: Loading sysdata configuration...
Sun Oct 19 10:40:35 2014 :: Loading socials
Sun Oct 19 10:40:35 2014 :: Loading skill table
Sun Oct 19 10:40:35 2014 :: Sorting skill table...
Sun Oct 19 10:40:35 2014 :: Remapping slots to sns
Sun Oct 19 10:40:35 2014 :: Loading herb table
Sun Oct 19 10:40:35 2014 :: Loading clans
Sun Oct 19 10:40:35 2014 :: Loading channels
Sun Oct 19 10:40:35 2014 :: Loading bits
Sun Oct 19 10:40:35 2014 :: Loading help files
Sun Oct 19 10:40:35 2014 :: Loading books
Sun Oct 19 10:40:35 2014 :: Initializing random number generator
Sun Oct 19 10:40:35 2014 :: Setting time and weather
Sun Oct 19 10:40:35 2014 :: Assigning gsn's
ASSIGN_GSN: Skill disease not found.
ASSIGN_GSN: Skill weaken not found.
ASSIGN_GSN: Skill transmutation not found.
ASSIGN_GSN: Skill charm person not found.
ASSIGN_GSN: Skill counterspell not found.
ASSIGN_GSN: Skill sharpen not found.
Sun Oct 19 10:40:35 2014 :: Loading nations
Sun Oct 19 10:40:35 2014 :: Loading cities
Sun Oct 19 10:40:35 2014 :: Reading in area files...
help.are: No such file or directory
Sun Oct 19 10:40:35 2014 :: [*****] BUG: load_area: error loading file (can't open)
Sun Oct 19 10:40:35 2014 :: [*****] BUG: help.are
limbo.are     : Rooms:     1 - 8     Objs:     2 - 99    Mobs:     1 - 25
Sun Oct 19 10:40:35 2014 :: [*****] BOOT: load_room_reset: stockobj.are (1) 'O': object 21013 doesn't exist.
stockobj.are  : Rooms: 29000 - 29000 Objs: 28900 - 29999 Mobs:     0 - 0
Sun Oct 19 10:40:35 2014 :: [*****] BOOT: load_room_reset: elkandu.are (1) 'M': mobile 17012 doesn't exist.
Sun Oct 19 10:40:35 2014 :: [*****] BOOT: load_room_reset: elkandu.are (1) 'M': mobile 17004 doesn't exist.
Sun Oct 19 10:40:35 2014 :: [*****] BOOT: load_room_reset: elkandu.are (1) 'M': mobile 18302 doesn't exist.
Sun Oct 19 10:40:35 2014 :: [*****] BOOT: load_room_reset: elkandu.are (1) 'M': mobile 19402 doesn't exist.
Sun Oct 19 10:40:35 2014 :: [*****] BOOT: load_room_reset: elkandu.are (1) 'G': object 19996 doesn't exist.
Sun Oct 19 10:40:35 2014 :: [*****] BOOT: load_room_reset: elkandu.are (1) 'M': mobile 17001 doesn't exist.
Sun Oct 19 10:40:35 2014 :: [*****] BOOT: load_room_reset: elkandu.are (1) 'M': mobile 17002 doesn't exist.
Sun Oct 19 10:40:35 2014 :: [*****] BOOT: load_room_reset: elkandu.are (1) 'M': mobile 17006 doesn't exist.
Sun Oct 19 10:40:35 2014 :: [*****] BOOT: load_room_reset: elkandu.are (1) 'M': mobile 17003 doesn't exist.
Sun Oct 19 10:40:35 2014 :: [*****] BOOT: load_room_reset: elkandu.are (1) 'M': mobile 17005 doesn't exist.
Sun Oct 19 10:40:35 2014 :: [*****] BOOT: load_room_reset: elkandu.are (1) 'M': mobile 18301 doesn't exist.
Sun Oct 19 10:40:35 2014 :: [*****] BOOT: load_room_reset: elkandu.are (1) 'O': object 201 doesn't exist.
Sun Oct 19 10:40:35 2014 :: [*****] BOOT: load_room_reset: elkandu.are (1) 'M': mobile 17003 doesn't exist.
Sun Oct 19 10:40:35 2014 :: [*****] BOOT: load_room_reset: elkandu.are (1) 'M': mobile 17010 doesn't exist.
Sun Oct 19 10:40:35 2014 :: [*****] BOOT: load_room_reset: elkandu.are (1) 'M': mobile 18700 doesn't exist.
Sun Oct 19 10:40:35 2014 :: [*****] BOOT: load_room_reset: elkandu.are (1) 'O': object 17199 doesn't exist.
Sun Oct 19 10:40:35 2014 :: [*****] BOOT: load_room_reset: elkandu.are (1) 'O': object 9006 doesn't exist.
Sun Oct 19 10:40:35 2014 :: [*****] BOOT: load_room_reset: elkandu.are (1) 'M': mobile 17002 doesn't exist.
Sun Oct 19 10:40:35 2014 :: [*****] BOOT: load_room_reset: elkandu.are (1) 'O': object 17100 doesn't exist.
Sun Oct 19 10:40:35 2014 :: [*****] BOOT: load_room_reset: elkandu.are (1) 'O': object 17110 doesn't exist.
Sun Oct 19 10:40:35 2014 :: [*****] BOOT: load_room_reset: elkandu.are (1) 'M': mobile 17003 doesn't exist.
Sun Oct 19 10:40:35 2014 :: [*****] BOOT: load_room_reset: elkandu.are (1) 'M': mobile 19402 doesn't exist.
Sun Oct 19 10:40:35 2014 :: [*****] BOOT: load_room_reset: elkandu.are (1) 'M': mobile 17010 doesn't exist.
Sun Oct 19 10:40:35 2014 :: [*****] BOOT: load_room_reset: elkandu.are (1) 'M': mobile 17003 doesn't exist.
Sun Oct 19 10:40:35 2014 :: [*****] BOOT: load_room_reset: elkandu.are (1) 'O': object 18701 doesn't exist.
Sun Oct 19 10:40:35 2014 :: [*****] BOOT: load_room_reset: elkandu.are (1) 'M': mobile 17010 doesn't exist.
Sun Oct 19 10:40:35 2014 :: [*****] BOOT: load_room_reset: elkandu.are (1) 'M': mobile 17003 doesn't exist.
Sun Oct 19 10:40:35 2014 :: [*****] BOOT: load_room_reset: elkandu.are (1) 'M': mobile 18302 doesn't exist.
elkandu.are   : Rooms: 20000 - 20199 Objs: 20001 - 21001 Mobs: 20000 - 20099
gmaze.are     : Rooms:  9000 - 9074  Objs:  9000 - 9006  Mobs:     0 - 0
Sun Oct 19 10:40:35 2014 :: [*****] FILE: jaston.are LINE: 1071
Sun Oct 19 10:40:35 2014 :: [*****] BUG: load_room_reset: 'D': exit 2 not door.
Sun Oct 19 10:40:35 2014 :: [*****] FILE: jaston.are LINE: 1071
Sun Oct 19 10:40:35 2014 :: [*****] BUG: Reset: D 0 17024 2 2
Sun Oct 19 10:40:35 2014 :: [*****] BOOT: load_room_reset: jaston.are (1) 'D': exit 2 not door.
Sun Oct 19 10:40:35 2014 :: [*****] FILE: jaston.are LINE: 1324
Sun Oct 19 10:40:35 2014 :: [*****] BUG: load_room_reset: 'D': exit 1 not door.
Sun Oct 19 10:40:35 2014 :: [*****] FILE: jaston.are LINE: 1324
Sun Oct 19 10:40:35 2014 :: [*****] BUG: Reset: D 0 17040 1 0
Sun Oct 19 10:40:35 2014 :: [*****] BOOT: load_room_reset: jaston.are (1) 'D': exit 1 not door.
Sun Oct 19 10:40:35 2014 :: [*****] FILE: jaston.are LINE: 1685
Sun Oct 19 10:40:35 2014 :: [*****] BUG: load_room_reset: 'D': exit 0 not door.
Sun Oct 19 10:40:35 2014 :: [*****] FILE: jaston.are LINE: 1685
Sun Oct 19 10:40:35 2014 :: [*****] BUG: Reset: D 0 17064 0 0
Sun Oct 19 10:40:35 2014 :: [*****] BOOT: load_room_reset: jaston.are (1) 'D': exit 0 not door.
Sun Oct 19 10:40:35 2014 :: [*****] BOOT: load_room_reset: jaston.are (1) 'M': mobile 18303 doesn't exist.
Sun Oct 19 10:40:35 2014 :: [*****] BOOT: load_room_reset: jaston.are (1) 'M': mobile 18700 doesn't exist.
jaston.are    : Rooms: 17000 - 17099 Objs: 17000 - 17099 Mobs: 17001 - 17050
Sun Oct 19 10:40:35 2014 :: [*****] BOOT: load_resets: school.are (1) 'M': mobile 20003 doesn't exist.
Sun Oct 19 10:40:35 2014 :: [*****] BOOT: load_resets: school.are (3) 'O': object 27999 doesn't exist.
school.are    : Rooms:   100 - 199   Objs:     0 - 0     Mobs:     0 - 0
Houses.are    : Rooms:   200 - 999   Objs:     0 - 0     Mobs:     0 - 0
Sun Oct 19 10:40:35 2014 :: Loading high scores...
Sun Oct 19 10:40:35 2014 :: Loading Housing System, Home Accessories Data, and Home Auctioning System
Sun Oct 19 10:40:35 2014 :: [*****] BUG: Get_room_index: bad vnum 10088.
Sun Oct 19 10:40:35 2014 :: [*****] BUG: Cannot open homeaccessories.dat. Aborting loadup of accessories data.
Sun Oct 19 10:40:35 2014 :: [*****] BUG: Cannot open homebuy.dat. Aborting loadup of home auction data.
Sun Oct 19 10:40:35 2014 :: Fixing exits
Sun Oct 19 10:40:35 2014 :: [*****] BUG: Get_room_index: bad vnum 17721.
Sun Oct 19 10:40:35 2014 :: [*****] BOOT: Fix_exits: room 9001, exit east leads to bad vnum (17721)
Sun Oct 19 10:40:35 2014 :: [*****] BUG: Deleting east exit in room 9001
Sun Oct 19 10:40:35 2014 :: Initializing economy
Sun Oct 19 10:40:35 2014 :: Loading materials
Sun Oct 19 10:40:35 2014 :: Loading world
Sun Oct 19 10:40:35 2014 :: [*****] BUG: fread_word: EOF encountered on read.

Sun Oct 19 10:40:35 2014 :: [*****] BUG: Extract_char: NULL ch.
Sun Oct 19 10:40:35 2014 :: [*****] BUG: Fread_mobile: Vnum not found
Sun Oct 19 10:40:35 2014 :: [*****] BUG: fread_word: EOF encountered on read.

Sun Oct 19 10:40:35 2014 :: Loading deities
Sun Oct 19 10:40:35 2014 :: Loading talents...
Sun Oct 19 10:40:35 2014 :: fire.dty
Sun Oct 19 10:40:35 2014 :: earth.dty
Sun Oct 19 10:40:35 2014 :: wind.dty
Sun Oct 19 10:40:35 2014 :: frost.dty
Sun Oct 19 10:40:35 2014 :: lightn.dty
Sun Oct 19 10:40:35 2014 :: water.dty
Sun Oct 19 10:40:35 2014 :: dream.dty
Sun Oct 19 10:40:35 2014 :: speech.dty
Sun Oct 19 10:40:35 2014 :: healing.dty
Sun Oct 19 10:40:35 2014 :: death.dty
Sun Oct 19 10:40:35 2014 :: change.dty
Sun Oct 19 10:40:35 2014 :: time.dty
Sun Oct 19 10:40:35 2014 :: motion.dty
Sun Oct 19 10:40:35 2014 :: mind.dty
Sun Oct 19 10:40:35 2014 :: illusion.dty
Sun Oct 19 10:40:35 2014 :: seeking.dty
Sun Oct 19 10:40:35 2014 :: catalysm.dty
Sun Oct 19 10:40:35 2014 :: void.dty
Sun Oct 19 10:40:35 2014 :: $
Sun Oct 19 10:40:35 2014 ::  Done talents 
Sun Oct 19 10:40:35 2014 :: Loading bans
Sun Oct 19 10:40:35 2014 :: [*****] BUG: fread_word: EOF encountered on read.

Sun Oct 19 10:40:35 2014 :: [*****] BUG: Load_banlist: no match: ÿ
Sun Oct 19 10:40:35 2014 :: Done.
Sun Oct 19 10:40:35 2014 :: Loading reserved names
Sun Oct 19 10:40:35 2014 :: Loading material shops
Sun Oct 19 10:40:35 2014 :: Loading moons
Sun Oct 19 10:40:35 2014 :: Loading recipes
Sun Oct 19 10:40:35 2014 :: Loading ingredients
Sun Oct 19 10:40:35 2014 :: Loading species
Sun Oct 19 10:40:35 2014 :: Loading mutations
Sun Oct 19 10:40:35 2014 :: [*****] BUG: Load_mutations: no mutations found!
Sun Oct 19 10:40:35 2014 :: Loading arenas
Sun Oct 19 10:40:35 2014 :: Checking shops
Sun Oct 19 10:40:35 2014 :: Initializing socket
Sun Oct 19 10:40:35 2014 :: Ar'Oan Lost Dragons ready at address boogeyman on port 6501.
Sun Oct 19 10:40:35 2014 :: I3: Loading I3 command table...
Sun Oct 19 10:40:35 2014 :: I3: Loading Intermud-3 network data...
Sun Oct 19 10:40:35 2014 :: I3: Loading I3 router data...
Sun Oct 19 10:40:35 2014 :: I3: Loading I3 help file...
Sun Oct 19 10:40:35 2014 :: I3: Loading color table...
Sun Oct 19 10:40:35 2014 :: I3: Intermud-3 network data loaded. Autoconnect not set. Will need to connect manually.
Sun Oct 19 10:40:35 2014 :: IMC: Loading IMC2 command table...
Sun Oct 19 10:40:35 2014 :: ***BUG*** IMC: imc_readcommand: Command imcping loaded with invalid function. Set to NULL.
Sun Oct 19 10:40:35 2014 :: ***BUG*** IMC: imc_readcommand: Command imcstats loaded with invalid function. Set to NULL.
Sun Oct 19 10:40:35 2014 :: IMC: Loading IMC2 network data...
Sun Oct 19 10:40:35 2014 :: IMC: Loading IMC2 help file...
Sun Oct 19 10:40:35 2014 :: IMC: Loading IMC2 color table...
Sun Oct 19 10:40:35 2014 :: IMC: IMC2 network data loaded. Autoconnect not set. IMC2 will need to be connected manually.
Sun Oct 19 10:40:35 2014 :: Running copyover_recover.
Sun Oct 19 10:40:35 2014 :: Copyover recovery initiated
Sun Oct 19 10:40:35 2014 :: Loading player data for: Aasterinian (13K)
Sun Oct 19 10:40:35 2014 :: Creating area entry for Aasterinian
Sun Oct 19 10:40:42 2014 :: Log Aasterinian: minvoke rat
Sun Oct 19 10:40:56 2014 :: Log Aasterinian: mset rat race 54
